[2017-08-01 07:57:27] local.INFO: User Logged Out.  
Log Entry Details:
["[object] (App\\Models\\User: {\"id\":1,\"name\":\"Koera Sam Mikorana\",\"first_name\":null,\"last_name\":null,\"email\":\"tolotrarazafindrabe@gmail.com\",\"signup_ip_address\":\"::1\",\"signup_confirmation_ip_address\":null,\"signup_sm_ip_address\":null,\"admin_ip_address\":null,\"updated_ip_address\":null,\"deleted_ip_address\":null,\"phone\":null,\"created_at\":\"2017-08-01 07:55:13\",\"updated_at\":\"2017-08-01 07:55:13\",\"deleted_at\":null})"]
[]
[2017-08-01 07:57:36] local.INFO: Non-activated user attempted to visit public.home.  
Log Entry Details:
["[object] (App\\Models\\User: {\"id\":1,\"name\":\"Koera Sam Mikorana\",\"first_name\":null,\"last_name\":null,\"email\":\"tolotrarazafindrabe@gmail.com\",\"signup_ip_address\":\"::1\",\"signup_confirmation_ip_address\":null,\"signup_sm_ip_address\":null,\"admin_ip_address\":null,\"updated_ip_address\":null,\"deleted_ip_address\":null,\"phone\":null,\"created_at\":\"2017-08-01 07:55:13\",\"updated_at\":\"2017-08-01 07:55:13\",\"deleted_at\":null})"]
[]
[2017-08-01 07:57:37] local.INFO: Registered attempted to navigate while unactivate. activation-required.  
Log Entry Details:
["[object] (App\\Models\\User: {\"id\":1,\"name\":\"Koera Sam Mikorana\",\"first_name\":null,\"last_name\":null,\"email\":\"tolotrarazafindrabe@gmail.com\",\"signup_ip_address\":\"::1\",\"signup_confirmation_ip_address\":null,\"signup_sm_ip_address\":null,\"admin_ip_address\":null,\"updated_ip_address\":null,\"deleted_ip_address\":null,\"phone\":null,\"created_at\":\"2017-08-01 07:55:13\",\"updated_at\":\"2017-08-01 07:55:13\",\"deleted_at\":null})"]
[]
[2017-08-01 07:58:33] local.INFO: User Logged Out.  
Log Entry Details:
["[object] (App\\Models\\User: {\"id\":1,\"name\":\"Koera Sam Mikorana\",\"first_name\":null,\"last_name\":null,\"email\":\"tolotrarazafindrabe@gmail.com\",\"signup_ip_address\":\"::1\",\"signup_confirmation_ip_address\":null,\"signup_sm_ip_address\":null,\"admin_ip_address\":null,\"updated_ip_address\":null,\"deleted_ip_address\":null,\"phone\":null,\"created_at\":\"2017-08-01 07:55:13\",\"updated_at\":\"2017-08-01 07:55:13\",\"deleted_at\":null})"]
[]
[2017-08-01 08:19:18] local.INFO: Registered user successfully activated. authenticated.activate.  
Log Entry Details:
["[object] (App\\Models\\User: {\"id\":44,\"name\":\"Koera Sam Mikorana\",\"first_name\":null,\"last_name\":null,\"email\":\"tolotrarazafindrabe@gmail.com\",\"signup_ip_address\":\"::1\",\"signup_confirmation_ip_address\":\"::1\",\"signup_sm_ip_address\":null,\"admin_ip_address\":null,\"updated_ip_address\":null,\"deleted_ip_address\":null,\"created_at\":\"2017-08-01 08:18:52\",\"updated_at\":\"2017-08-01 08:19:18\",\"deleted_at\":null})"]
[]
[2017-08-01 08:19:25] local.INFO: Activated user attempted to visit activate.  
Log Entry Details:
["[object] (App\\Models\\User: {\"id\":44,\"name\":\"Koera Sam Mikorana\",\"first_name\":null,\"last_name\":null,\"email\":\"tolotrarazafindrabe@gmail.com\",\"signup_ip_address\":\"::1\",\"signup_confirmation_ip_address\":\"::1\",\"signup_sm_ip_address\":null,\"admin_ip_address\":null,\"updated_ip_address\":null,\"deleted_ip_address\":null,\"created_at\":\"2017-08-01 08:18:52\",\"updated_at\":\"2017-08-01 08:19:18\",\"deleted_at\":null})"]
[]
[2017-08-01 08:28:32] local.INFO: User Logged Out.  
Log Entry Details:
["[object] (App\\Models\\User: {\"id\":44,\"name\":\"Koera Sam Mikorana\",\"first_name\":null,\"last_name\":null,\"email\":\"tolotrarazafindrabe@gmail.com\",\"signup_ip_address\":\"::1\",\"signup_confirmation_ip_address\":\"::1\",\"signup_sm_ip_address\":null,\"admin_ip_address\":null,\"updated_ip_address\":null,\"deleted_ip_address\":null,\"created_at\":\"2017-08-01 08:18:52\",\"updated_at\":\"2017-08-01 08:19:18\",\"deleted_at\":null})"]
[]
[2017-08-01 09:39:13] local.INFO: User Logged Out.  
Log Entry Details:
["[object] (App\\Models\\User: {\"id\":45,\"name\":\"KoeraSamMikorana\",\"first_name\":\"Koera\",\"last_name\":\"Sam\",\"email\":\"missingj7jUqB9WWI@test.com\",\"signup_ip_address\":null,\"signup_confirmation_ip_address\":null,\"signup_sm_ip_address\":\"::1\",\"admin_ip_address\":null,\"updated_ip_address\":null,\"deleted_ip_address\":null,\"created_at\":\"2017-08-01 09:39:05\",\"updated_at\":\"2017-08-01 09:39:05\",\"deleted_at\":null})"]
[]
[2017-08-01 09:43:53] local.INFO: User Logged Out.  
Log Entry Details:
["[object] (App\\Models\\User: {\"id\":45,\"name\":\"KoeraSamMikorana\",\"first_name\":\"Koera\",\"last_name\":\"Sam\",\"email\":\"missingj7jUqB9WWI@test.com\",\"signup_ip_address\":null,\"signup_confirmation_ip_address\":null,\"signup_sm_ip_address\":\"::1\",\"admin_ip_address\":null,\"updated_ip_address\":null,\"deleted_ip_address\":null,\"created_at\":\"2017-08-01 09:39:05\",\"updated_at\":\"2017-08-01 09:39:05\",\"deleted_at\":null})"]
[]
[2017-08-01 09:54:23] local.INFO: User Logged Out.  
Log Entry Details:
["[object] (App\\Models\\User: {\"id\":45,\"name\":\"KoeraSamMikorana\",\"first_name\":\"Koera\",\"last_name\":\"Sam\",\"email\":\"missingj7jUqB9WWI@test.com\",\"signup_ip_address\":null,\"signup_confirmation_ip_address\":null,\"signup_sm_ip_address\":\"::1\",\"admin_ip_address\":null,\"updated_ip_address\":null,\"deleted_ip_address\":null,\"created_at\":\"2017-08-01 09:39:05\",\"updated_at\":\"2017-08-01 09:39:05\",\"deleted_at\":null})"]
[]
[2017-08-01 09:55:58] local.INFO: User Logged Out.  
Log Entry Details:
["[object] (App\\Models\\User: {\"id\":45,\"name\":\"KoeraSamMikorana\",\"first_name\":\"Koera\",\"last_name\":\"Sam\",\"email\":\"missingj7jUqB9WWI@test.com\",\"signup_ip_address\":null,\"signup_confirmation_ip_address\":null,\"signup_sm_ip_address\":\"::1\",\"admin_ip_address\":null,\"updated_ip_address\":null,\"deleted_ip_address\":null,\"created_at\":\"2017-08-01 09:39:05\",\"updated_at\":\"2017-08-01 09:39:05\",\"deleted_at\":null})"]
[]
[2017-08-01 12:04:58] local.INFO: User Logged Out.  
Log Entry Details:
["[object] (App\\Models\\User: {\"id\":45,\"name\":\"KoeraSamMikorana\",\"first_name\":\"Koera\",\"last_name\":\"Sam\",\"email\":\"missingj7jUqB9WWI@test.com\",\"signup_ip_address\":null,\"signup_confirmation_ip_address\":null,\"signup_sm_ip_address\":\"::1\",\"admin_ip_address\":null,\"updated_ip_address\":null,\"deleted_ip_address\":null,\"created_at\":\"2017-08-01 09:39:05\",\"updated_at\":\"2017-08-01 09:39:05\",\"deleted_at\":null})"]
[]
[2017-08-01 13:41:00] local.INFO: Registered user successfully activated. authenticated.activate.  
Log Entry Details:
["[object] (App\\Models\\User: {\"id\":46,\"name\":\"Koera\",\"first_name\":\"Sam Mikorana\",\"last_name\":null,\"email\":\"tolotrarazafindrabe@gmail.com\",\"signup_ip_address\":\"::1\",\"signup_confirmation_ip_address\":\"::1\",\"signup_sm_ip_address\":null,\"admin_ip_address\":null,\"updated_ip_address\":null,\"deleted_ip_address\":null,\"created_at\":\"2017-08-01 13:40:28\",\"updated_at\":\"2017-08-01 13:41:00\",\"deleted_at\":null})"]
[]
[2017-08-01 13:41:05] local.INFO: User Logged Out.  
Log Entry Details:
["[object] (App\\Models\\User: {\"id\":46,\"name\":\"Koera\",\"first_name\":\"Sam Mikorana\",\"last_name\":null,\"email\":\"tolotrarazafindrabe@gmail.com\",\"signup_ip_address\":\"::1\",\"signup_confirmation_ip_address\":\"::1\",\"signup_sm_ip_address\":null,\"admin_ip_address\":null,\"updated_ip_address\":null,\"deleted_ip_address\":null,\"created_at\":\"2017-08-01 13:40:28\",\"updated_at\":\"2017-08-01 13:41:00\",\"deleted_at\":null})"]
[]
[2017-08-01 13:42:03] local.INFO: User Logged Out.  
Log Entry Details:
["[object] (App\\Models\\User: {\"id\":46,\"name\":\"Koera\",\"first_name\":\"Sam Mikorana\",\"last_name\":null,\"email\":\"tolotrarazafindrabe@gmail.com\",\"signup_ip_address\":\"::1\",\"signup_confirmation_ip_address\":\"::1\",\"signup_sm_ip_address\":null,\"admin_ip_address\":null,\"updated_ip_address\":null,\"deleted_ip_address\":null,\"created_at\":\"2017-08-01 13:40:28\",\"updated_at\":\"2017-08-01 13:41:00\",\"deleted_at\":null})"]
[]
[2017-08-01 13:51:29] local.INFO: User Logged Out.  
Log Entry Details:
["[object] (App\\Models\\User: {\"id\":45,\"name\":\"KoeraSamMikorana\",\"first_name\":\"Koera\",\"last_name\":\"Sam\",\"email\":\"missingj7jUqB9WWI@test.com\",\"signup_ip_address\":null,\"signup_confirmation_ip_address\":null,\"signup_sm_ip_address\":\"::1\",\"admin_ip_address\":null,\"updated_ip_address\":null,\"deleted_ip_address\":null,\"created_at\":\"2017-08-01 09:39:05\",\"updated_at\":\"2017-08-01 09:39:05\",\"deleted_at\":null})"]
[]
[2017-08-01 14:19:54] local.INFO: User Logged Out.  
Log Entry Details:
["[object] (App\\Models\\User: {\"id\":45,\"name\":\"KoeraSamMikorana\",\"first_name\":\"Koera\",\"last_name\":\"Sam\",\"email\":\"missingj7jUqB9WWI@test.com\",\"signup_ip_address\":null,\"signup_confirmation_ip_address\":null,\"signup_sm_ip_address\":\"::1\",\"admin_ip_address\":null,\"updated_ip_address\":null,\"deleted_ip_address\":null,\"created_at\":\"2017-08-01 09:39:05\",\"updated_at\":\"2017-08-01 09:39:05\",\"deleted_at\":null})"]
[]
[2017-08-01 14:27:00] local.INFO: Registered user successfully activated. authenticated.activate.  
Log Entry Details:
["[object] (App\\Models\\User: {\"id\":47,\"name\":\"Koera Sam Mikorana\",\"first_name\":null,\"last_name\":null,\"email\":\"tolotrarazafindrabe@gmail.com\",\"signup_ip_address\":\"::1\",\"signup_confirmation_ip_address\":\"::1\",\"signup_sm_ip_address\":null,\"admin_ip_address\":null,\"updated_ip_address\":null,\"deleted_ip_address\":null,\"created_at\":\"2017-08-01 14:26:19\",\"updated_at\":\"2017-08-01 14:26:59\",\"deleted_at\":null})"]
[]
[2017-08-01 14:27:18] local.INFO: User Logged Out.  
Log Entry Details:
["[object] (App\\Models\\User: {\"id\":47,\"name\":\"Koera Sam Mikorana\",\"first_name\":null,\"last_name\":null,\"email\":\"tolotrarazafindrabe@gmail.com\",\"signup_ip_address\":\"::1\",\"signup_confirmation_ip_address\":\"::1\",\"signup_sm_ip_address\":null,\"admin_ip_address\":null,\"updated_ip_address\":null,\"deleted_ip_address\":null,\"created_at\":\"2017-08-01 14:26:19\",\"updated_at\":\"2017-08-01 14:26:59\",\"deleted_at\":null})"]
[]
[2017-08-02 06:13:48] local.INFO: User Logged Out.  
Log Entry Details:
["[object] (App\\Models\\User: {\"id\":45,\"name\":\"KoeraSamMikorana\",\"first_name\":\"Koera\",\"last_name\":\"Sam\",\"email\":\"missingj7jUqB9WWI@test.com\",\"signup_ip_address\":null,\"signup_confirmation_ip_address\":null,\"signup_sm_ip_address\":\"::1\",\"admin_ip_address\":null,\"updated_ip_address\":null,\"deleted_ip_address\":null,\"created_at\":\"2017-08-01 09:39:05\",\"updated_at\":\"2017-08-01 09:39:05\",\"deleted_at\":null})"]
[]
[2017-08-02 06:14:00] local.INFO: User Logged Out.  
Log Entry Details:
["[object] (App\\Models\\User: {\"id\":47,\"name\":\"Koera Sam Mikorana\",\"first_name\":null,\"last_name\":null,\"email\":\"tolotrarazafindrabe@gmail.com\",\"signup_ip_address\":\"::1\",\"signup_confirmation_ip_address\":\"::1\",\"signup_sm_ip_address\":null,\"admin_ip_address\":null,\"updated_ip_address\":null,\"deleted_ip_address\":null,\"created_at\":\"2017-08-01 14:26:19\",\"updated_at\":\"2017-08-01 14:26:59\",\"deleted_at\":null})"]
[]
[2017-08-02 07:13:58] local.INFO: Registered user successfully activated. authenticated.activate.  
Log Entry Details:
["[object] (App\\Models\\User: {\"id\":48,\"name\":\"Koera\",\"first_name\":\"Sam Mikorana\",\"last_name\":null,\"email\":\"tolotrarazafindrabe@gmail.com\",\"signup_ip_address\":\"::1\",\"signup_confirmation_ip_address\":\"::1\",\"signup_sm_ip_address\":null,\"admin_ip_address\":null,\"updated_ip_address\":null,\"deleted_ip_address\":null,\"created_at\":\"2017-08-02 07:13:37\",\"updated_at\":\"2017-08-02 07:13:58\",\"deleted_at\":null})"]
[]
[2017-08-02 07:13:59] local.INFO: Activated user attempted to visit authenticated.activate.  
Log Entry Details:
["[object] (App\\Models\\User: {\"id\":48,\"name\":\"Koera\",\"first_name\":\"Sam Mikorana\",\"last_name\":null,\"email\":\"tolotrarazafindrabe@gmail.com\",\"signup_ip_address\":\"::1\",\"signup_confirmation_ip_address\":\"::1\",\"signup_sm_ip_address\":null,\"admin_ip_address\":null,\"updated_ip_address\":null,\"deleted_ip_address\":null,\"created_at\":\"2017-08-02 07:13:37\",\"updated_at\":\"2017-08-02 07:13:58\",\"deleted_at\":null})"]
[]
[2017-08-02 07:14:31] local.INFO: User Logged Out.  
Log Entry Details:
["[object] (App\\Models\\User: {\"id\":48,\"name\":\"Koera\",\"first_name\":\"Sam Mikorana\",\"last_name\":null,\"email\":\"tolotrarazafindrabe@gmail.com\",\"signup_ip_address\":\"::1\",\"signup_confirmation_ip_address\":\"::1\",\"signup_sm_ip_address\":null,\"admin_ip_address\":null,\"updated_ip_address\":null,\"deleted_ip_address\":null,\"created_at\":\"2017-08-02 07:13:37\",\"updated_at\":\"2017-08-02 07:13:58\",\"deleted_at\":null})"]
[]
[2017-08-02 07:16:09] local.INFO: User Logged Out.  
Log Entry Details:
["[object] (App\\Models\\User: {\"id\":49,\"name\":\"Koera\",\"first_name\":\"Sam\",\"last_name\":null,\"email\":\"tolotrarazafindrabe@gmail.com\",\"signup_ip_address\":\"::1\",\"signup_confirmation_ip_address\":null,\"signup_sm_ip_address\":null,\"admin_ip_address\":null,\"updated_ip_address\":null,\"deleted_ip_address\":null,\"created_at\":\"2017-08-02 07:15:37\",\"updated_at\":\"2017-08-02 07:15:37\",\"deleted_at\":null})"]
[]
[2017-08-02 07:16:17] local.INFO: Non-activated user attempted to visit public.home.  
Log Entry Details:
["[object] (App\\Models\\User: {\"id\":49,\"name\":\"Koera\",\"first_name\":\"Sam\",\"last_name\":null,\"email\":\"tolotrarazafindrabe@gmail.com\",\"signup_ip_address\":\"::1\",\"signup_confirmation_ip_address\":null,\"signup_sm_ip_address\":null,\"admin_ip_address\":null,\"updated_ip_address\":null,\"deleted_ip_address\":null,\"created_at\":\"2017-08-02 07:15:37\",\"updated_at\":\"2017-08-02 07:15:37\",\"deleted_at\":null})"]
[]
[2017-08-02 07:16:17] local.INFO: Registered attempted to navigate while unactivate. activation-required.  
Log Entry Details:
["[object] (App\\Models\\User: {\"id\":49,\"name\":\"Koera\",\"first_name\":\"Sam\",\"last_name\":null,\"email\":\"tolotrarazafindrabe@gmail.com\",\"signup_ip_address\":\"::1\",\"signup_confirmation_ip_address\":null,\"signup_sm_ip_address\":null,\"admin_ip_address\":null,\"updated_ip_address\":null,\"deleted_ip_address\":null,\"created_at\":\"2017-08-02 07:15:37\",\"updated_at\":\"2017-08-02 07:15:37\",\"deleted_at\":null})"]
[]
[2017-08-02 07:16:22] local.INFO: User Logged Out.  
Log Entry Details:
["[object] (App\\Models\\User: {\"id\":49,\"name\":\"Koera\",\"first_name\":\"Sam\",\"last_name\":null,\"email\":\"tolotrarazafindrabe@gmail.com\",\"signup_ip_address\":\"::1\",\"signup_confirmation_ip_address\":null,\"signup_sm_ip_address\":null,\"admin_ip_address\":null,\"updated_ip_address\":null,\"deleted_ip_address\":null,\"created_at\":\"2017-08-02 07:15:37\",\"updated_at\":\"2017-08-02 07:15:37\",\"deleted_at\":null})"]
[]
[2017-08-02 07:19:19] local.INFO: Registered user successfully activated. authenticated.activate.  
Log Entry Details:
["[object] (App\\Models\\User: {\"id\":50,\"name\":\"Koera\",\"first_name\":\"Sam Mikorana\",\"last_name\":null,\"email\":\"tolotrarazafindrabe@gmail.com\",\"signup_ip_address\":\"::1\",\"signup_confirmation_ip_address\":\"::1\",\"signup_sm_ip_address\":null,\"admin_ip_address\":null,\"updated_ip_address\":null,\"deleted_ip_address\":null,\"created_at\":\"2017-08-02 07:18:35\",\"updated_at\":\"2017-08-02 07:19:19\",\"deleted_at\":null})"]
[]
[2017-08-02 07:19:22] local.INFO: User Logged Out.  
Log Entry Details:
["[object] (App\\Models\\User: {\"id\":50,\"name\":\"Koera\",\"first_name\":\"Sam Mikorana\",\"last_name\":null,\"email\":\"tolotrarazafindrabe@gmail.com\",\"signup_ip_address\":\"::1\",\"signup_confirmation_ip_address\":\"::1\",\"signup_sm_ip_address\":null,\"admin_ip_address\":null,\"updated_ip_address\":null,\"deleted_ip_address\":null,\"created_at\":\"2017-08-02 07:18:35\",\"updated_at\":\"2017-08-02 07:19:19\",\"deleted_at\":null})"]
[]
[2017-08-02 12:48:29] local.INFO: CheckCurrentUser middlware was used: profile.edit.  
Log Entry Details:
["[object] (App\\Models\\User: {\"id\":50,\"name\":\"Koera\",\"first_name\":\"Sam Mikorana\",\"last_name\":null,\"email\":\"tolotrarazafindrabe@gmail.com\",\"signup_ip_address\":\"::1\",\"signup_confirmation_ip_address\":\"::1\",\"signup_sm_ip_address\":null,\"admin_ip_address\":null,\"updated_ip_address\":null,\"deleted_ip_address\":null,\"created_at\":\"2017-08-02 07:18:35\",\"updated_at\":\"2017-08-02 07:19:19\",\"deleted_at\":null,\"profile\":{\"id\":15,\"user_id\":50,\"theme_id\":1,\"location\":null,\"bio\":null,\"twitter_username\":null,\"github_username\":null,\"avatar\":null,\"avatar_status\":0,\"created_at\":\"2017-08-02 07:19:19\",\"updated_at\":\"2017-08-02 07:19:19\"}})"]
[]
[2017-08-02 12:48:50] local.INFO: User Logged Out.  
Log Entry Details:
["[object] (App\\Models\\User: {\"id\":50,\"name\":\"Koera\",\"first_name\":\"Sam Mikorana\",\"last_name\":null,\"email\":\"tolotrarazafindrabe@gmail.com\",\"signup_ip_address\":\"::1\",\"signup_confirmation_ip_address\":\"::1\",\"signup_sm_ip_address\":null,\"admin_ip_address\":null,\"updated_ip_address\":null,\"deleted_ip_address\":null,\"created_at\":\"2017-08-02 07:18:35\",\"updated_at\":\"2017-08-02 07:19:19\",\"deleted_at\":null})"]
[]
[2017-08-03 12:00:39] local.INFO: User Logged Out.  
Log Entry Details:
["[object] (App\\Models\\User: {\"id\":50,\"name\":\"Koera\",\"first_name\":\"Sam Mikorana\",\"last_name\":null,\"email\":\"tolotrarazafindrabe@gmail.com\",\"signup_ip_address\":\"::1\",\"signup_confirmation_ip_address\":\"::1\",\"signup_sm_ip_address\":null,\"admin_ip_address\":null,\"updated_ip_address\":null,\"deleted_ip_address\":null,\"created_at\":\"2017-08-02 07:18:35\",\"updated_at\":\"2017-08-03 11:59:50\",\"deleted_at\":null})"]
[]
[2017-08-03 12:09:17] local.INFO: User Logged Out.  
Log Entry Details:
["[object] (App\\Models\\User: {\"id\":50,\"name\":\"Koera\",\"first_name\":\"Sam Mikorana\",\"last_name\":null,\"email\":\"tolotrarazafindrabe@gmail.com\",\"signup_ip_address\":\"::1\",\"signup_confirmation_ip_address\":\"::1\",\"signup_sm_ip_address\":null,\"admin_ip_address\":null,\"updated_ip_address\":null,\"deleted_ip_address\":null,\"created_at\":\"2017-08-02 07:18:35\",\"updated_at\":\"2017-08-03 12:08:45\",\"deleted_at\":null})"]
[]
[2017-08-03 12:42:56] local.INFO: User Logged Out.  
Log Entry Details:
["[object] (App\\Models\\User: {\"id\":50,\"name\":\"Koera\",\"first_name\":\"Sam Mikorana\",\"last_name\":null,\"email\":\"tolotrarazafindrabe@gmail.com\",\"signup_ip_address\":\"::1\",\"signup_confirmation_ip_address\":\"::1\",\"signup_sm_ip_address\":null,\"admin_ip_address\":null,\"updated_ip_address\":null,\"deleted_ip_address\":null,\"created_at\":\"2017-08-02 07:18:35\",\"updated_at\":\"2017-08-03 12:40:43\",\"deleted_at\":null})"]
[]
[2017-08-14 07:28:57] local.INFO: Exceded max resends in last 24 hours. authenticated.activation-resend.  
Log Entry Details:
["[object] (App\\Models\\User: {\"id\":51,\"name\":\"Tolotra\",\"first_name\":\"RAZAFINDRABE\",\"last_name\":null,\"email\":\"tolotrarazafindrabe@gmail.com\",\"signup_ip_address\":\"::1\",\"signup_confirmation_ip_address\":null,\"signup_sm_ip_address\":null,\"admin_ip_address\":null,\"updated_ip_address\":null,\"deleted_ip_address\":null,\"created_at\":\"2017-08-14 07:21:02\",\"updated_at\":\"2017-08-14 07:21:02\",\"deleted_at\":null})"]
[]
[2017-08-14 07:29:24] local.INFO: Registered user successfully activated. authenticated.activate.  
Log Entry Details:
["[object] (App\\Models\\User: {\"id\":51,\"name\":\"Tolotra\",\"first_name\":\"RAZAFINDRABE\",\"last_name\":null,\"email\":\"tolotrarazafindrabe@gmail.com\",\"signup_ip_address\":\"::1\",\"signup_confirmation_ip_address\":\"::1\",\"signup_sm_ip_address\":null,\"admin_ip_address\":null,\"updated_ip_address\":null,\"deleted_ip_address\":null,\"created_at\":\"2017-08-14 07:21:02\",\"updated_at\":\"2017-08-14 07:29:24\",\"deleted_at\":null})"]
[]
[2017-08-14 07:48:17] local.INFO: Activated user attempte to navigate to authenticated.activation-resend.  
Log Entry Details:
["[object] (App\\Models\\User: {\"id\":51,\"name\":\"Tolotra\",\"first_name\":\"RAZAFINDRABE\",\"last_name\":null,\"email\":\"tolotrarazafindrabe@gmail.com\",\"signup_ip_address\":\"::1\",\"signup_confirmation_ip_address\":\"::1\",\"signup_sm_ip_address\":null,\"admin_ip_address\":null,\"updated_ip_address\":null,\"deleted_ip_address\":null,\"created_at\":\"2017-08-14 07:21:02\",\"updated_at\":\"2017-08-14 07:29:24\",\"deleted_at\":null})"]
[]
[2017-08-14 07:48:17] local.INFO: Activated user attempted to visit authenticated.activation-resend.  
Log Entry Details:
["[object] (App\\Models\\User: {\"id\":51,\"name\":\"Tolotra\",\"first_name\":\"RAZAFINDRABE\",\"last_name\":null,\"email\":\"tolotrarazafindrabe@gmail.com\",\"signup_ip_address\":\"::1\",\"signup_confirmation_ip_address\":\"::1\",\"signup_sm_ip_address\":null,\"admin_ip_address\":null,\"updated_ip_address\":null,\"deleted_ip_address\":null,\"created_at\":\"2017-08-14 07:21:02\",\"updated_at\":\"2017-08-14 07:29:24\",\"deleted_at\":null})"]
[]
[2017-08-14 08:15:29] local.INFO: User Logged Out.  
Log Entry Details:
["[object] (App\\Models\\User: {\"id\":51,\"name\":\"Tolotra\",\"first_name\":\"RAZAFINDRABE\",\"last_name\":null,\"email\":\"tolotrarazafindrabe@gmail.com\",\"signup_ip_address\":\"::1\",\"signup_confirmation_ip_address\":\"::1\",\"signup_sm_ip_address\":null,\"admin_ip_address\":null,\"updated_ip_address\":null,\"deleted_ip_address\":null,\"created_at\":\"2017-08-14 07:21:02\",\"updated_at\":\"2017-08-14 07:29:24\",\"deleted_at\":null})"]
[]
[2017-08-14 08:40:29] local.INFO: User Logged Out.  
Log Entry Details:
["[object] (App\\Models\\User: {\"id\":52,\"name\":\"KoeraSamMikorana\",\"first_name\":\"Koera\",\"last_name\":\"Sam\",\"email\":\"missingvC8O42HAvG@test.com\",\"signup_ip_address\":null,\"signup_confirmation_ip_address\":null,\"signup_sm_ip_address\":\"::1\",\"admin_ip_address\":null,\"updated_ip_address\":null,\"deleted_ip_address\":null,\"created_at\":\"2017-08-14 08:02:51\",\"updated_at\":\"2017-08-14 08:02:51\",\"deleted_at\":null})"]
[]
[2017-08-14 08:41:27] local.INFO: CheckCurrentUser middlware was used: profile.edit.  
Log Entry Details:
["[object] (App\\Models\\User: {\"id\":51,\"name\":\"Tolotra\",\"first_name\":\"RAZAFINDRABE\",\"last_name\":null,\"email\":\"tolotrarazafindrabe@gmail.com\",\"signup_ip_address\":\"::1\",\"signup_confirmation_ip_address\":\"::1\",\"signup_sm_ip_address\":null,\"admin_ip_address\":null,\"updated_ip_address\":null,\"deleted_ip_address\":null,\"created_at\":\"2017-08-14 07:21:02\",\"updated_at\":\"2017-08-14 07:29:24\",\"deleted_at\":null,\"profile\":{\"id\":16,\"user_id\":51,\"theme_id\":1,\"location\":null,\"bio\":null,\"twitter_username\":null,\"github_username\":null,\"avatar\":null,\"avatar_status\":0,\"created_at\":\"2017-08-14 07:29:24\",\"updated_at\":\"2017-08-14 07:29:24\"}})"]
[]
[2017-08-14 08:41:47] local.INFO: CheckCurrentUser middlware was used: profile.edit.  
Log Entry Details:
["[object] (App\\Models\\User: {\"id\":51,\"name\":\"Tolotra\",\"first_name\":\"RAZAFINDRABE\",\"last_name\":null,\"email\":\"tolotrarazafindrabe@gmail.com\",\"signup_ip_address\":\"::1\",\"signup_confirmation_ip_address\":\"::1\",\"signup_sm_ip_address\":null,\"admin_ip_address\":null,\"updated_ip_address\":null,\"deleted_ip_address\":null,\"created_at\":\"2017-08-14 07:21:02\",\"updated_at\":\"2017-08-14 07:29:24\",\"deleted_at\":null,\"profile\":{\"id\":16,\"user_id\":51,\"theme_id\":1,\"location\":null,\"bio\":null,\"twitter_username\":null,\"github_username\":null,\"avatar\":null,\"avatar_status\":0,\"created_at\":\"2017-08-14 07:29:24\",\"updated_at\":\"2017-08-14 07:29:24\"}})"]
[]
[2017-08-14 08:41:56] local.INFO: CheckCurrentUser middlware was used: profile.edit.  
Log Entry Details:
["[object] (App\\Models\\User: {\"id\":51,\"name\":\"Tolotra\",\"first_name\":\"RAZAFINDRABE\",\"last_name\":null,\"email\":\"tolotrarazafindrabe@gmail.com\",\"signup_ip_address\":\"::1\",\"signup_confirmation_ip_address\":\"::1\",\"signup_sm_ip_address\":null,\"admin_ip_address\":null,\"updated_ip_address\":null,\"deleted_ip_address\":null,\"created_at\":\"2017-08-14 07:21:02\",\"updated_at\":\"2017-08-14 07:29:24\",\"deleted_at\":null,\"profile\":{\"id\":16,\"user_id\":51,\"theme_id\":1,\"location\":null,\"bio\":null,\"twitter_username\":null,\"github_username\":null,\"avatar\":null,\"avatar_status\":0,\"created_at\":\"2017-08-14 07:29:24\",\"updated_at\":\"2017-08-14 07:29:24\"}})"]
[]
[2017-08-14 08:46:01] local.INFO: CheckCurrentUser middlware was used: profile.edit.  
Log Entry Details:
["[object] (App\\Models\\User: {\"id\":51,\"name\":\"Tolotra\",\"first_name\":\"RAZAFINDRABE\",\"last_name\":null,\"email\":\"tolotrarazafindrabe@gmail.com\",\"signup_ip_address\":\"::1\",\"signup_confirmation_ip_address\":\"::1\",\"signup_sm_ip_address\":null,\"admin_ip_address\":null,\"updated_ip_address\":null,\"deleted_ip_address\":null,\"created_at\":\"2017-08-14 07:21:02\",\"updated_at\":\"2017-08-14 07:29:24\",\"deleted_at\":null,\"profile\":{\"id\":16,\"user_id\":51,\"theme_id\":1,\"location\":null,\"bio\":null,\"twitter_username\":null,\"github_username\":null,\"avatar\":null,\"avatar_status\":0,\"created_at\":\"2017-08-14 07:29:24\",\"updated_at\":\"2017-08-14 07:29:24\"}})"]
[]
[2017-08-14 08:47:18] local.INFO: CheckCurrentUser middlware was used: profile.edit.  
Log Entry Details:
["[object] (App\\Models\\User: {\"id\":51,\"name\":\"Tolotra\",\"first_name\":\"RAZAFINDRABE\",\"last_name\":null,\"email\":\"tolotrarazafindrabe@gmail.com\",\"signup_ip_address\":\"::1\",\"signup_confirmation_ip_address\":\"::1\",\"signup_sm_ip_address\":null,\"admin_ip_address\":null,\"updated_ip_address\":null,\"deleted_ip_address\":null,\"created_at\":\"2017-08-14 07:21:02\",\"updated_at\":\"2017-08-14 07:29:24\",\"deleted_at\":null,\"profile\":{\"id\":16,\"user_id\":51,\"theme_id\":1,\"location\":null,\"bio\":null,\"twitter_username\":null,\"github_username\":null,\"avatar\":null,\"avatar_status\":0,\"created_at\":\"2017-08-14 07:29:24\",\"updated_at\":\"2017-08-14 07:29:24\"}})"]
[]
[2017-08-14 08:50:42] local.INFO: CheckCurrentUser middlware was used: profile.edit.  
Log Entry Details:
["[object] (App\\Models\\User: {\"id\":51,\"name\":\"Tolotra\",\"first_name\":\"RAZAFINDRABE\",\"last_name\":null,\"email\":\"tolotrarazafindrabe@gmail.com\",\"signup_ip_address\":\"::1\",\"signup_confirmation_ip_address\":\"::1\",\"signup_sm_ip_address\":null,\"admin_ip_address\":null,\"updated_ip_address\":null,\"deleted_ip_address\":null,\"created_at\":\"2017-08-14 07:21:02\",\"updated_at\":\"2017-08-14 07:29:24\",\"deleted_at\":null,\"profile\":{\"id\":16,\"user_id\":51,\"theme_id\":1,\"location\":null,\"bio\":null,\"twitter_username\":null,\"github_username\":null,\"avatar\":null,\"avatar_status\":0,\"created_at\":\"2017-08-14 07:29:24\",\"updated_at\":\"2017-08-14 07:29:24\"}})"]
[]
[2017-08-14 08:55:51] local.INFO: CheckCurrentUser middlware was used: profile.edit.  
Log Entry Details:
["[object] (App\\Models\\User: {\"id\":51,\"name\":\"Tolotra\",\"first_name\":\"RAZAFINDRABE\",\"last_name\":null,\"email\":\"tolotrarazafindrabe@gmail.com\",\"signup_ip_address\":\"::1\",\"signup_confirmation_ip_address\":\"::1\",\"signup_sm_ip_address\":null,\"admin_ip_address\":null,\"updated_ip_address\":null,\"deleted_ip_address\":null,\"created_at\":\"2017-08-14 07:21:02\",\"updated_at\":\"2017-08-14 07:29:24\",\"deleted_at\":null,\"profile\":{\"id\":16,\"user_id\":51,\"theme_id\":1,\"location\":null,\"bio\":null,\"twitter_username\":null,\"github_username\":null,\"avatar\":null,\"avatar_status\":0,\"created_at\":\"2017-08-14 07:29:24\",\"updated_at\":\"2017-08-14 07:29:24\"}})"]
[]
[2017-08-14 08:55:53] local.INFO: CheckCurrentUser middlware was used: profile.edit.  
Log Entry Details:
["[object] (App\\Models\\User: {\"id\":51,\"name\":\"Tolotra\",\"first_name\":\"RAZAFINDRABE\",\"last_name\":null,\"email\":\"tolotrarazafindrabe@gmail.com\",\"signup_ip_address\":\"::1\",\"signup_confirmation_ip_address\":\"::1\",\"signup_sm_ip_address\":null,\"admin_ip_address\":null,\"updated_ip_address\":null,\"deleted_ip_address\":null,\"created_at\":\"2017-08-14 07:21:02\",\"updated_at\":\"2017-08-14 07:29:24\",\"deleted_at\":null,\"profile\":{\"id\":16,\"user_id\":51,\"theme_id\":1,\"location\":null,\"bio\":null,\"twitter_username\":null,\"github_username\":null,\"avatar\":null,\"avatar_status\":0,\"created_at\":\"2017-08-14 07:29:24\",\"updated_at\":\"2017-08-14 07:29:24\"}})"]
[]
[2017-08-14 08:56:08] local.INFO: CheckCurrentUser middlware was used: profile.edit.  
Log Entry Details:
["[object] (App\\Models\\User: {\"id\":51,\"name\":\"Tolotra\",\"first_name\":\"RAZAFINDRABE\",\"last_name\":null,\"email\":\"tolotrarazafindrabe@gmail.com\",\"signup_ip_address\":\"::1\",\"signup_confirmation_ip_address\":\"::1\",\"signup_sm_ip_address\":null,\"admin_ip_address\":null,\"updated_ip_address\":null,\"deleted_ip_address\":null,\"created_at\":\"2017-08-14 07:21:02\",\"updated_at\":\"2017-08-14 07:29:24\",\"deleted_at\":null,\"profile\":{\"id\":16,\"user_id\":51,\"theme_id\":1,\"location\":null,\"bio\":null,\"twitter_username\":null,\"github_username\":null,\"avatar\":null,\"avatar_status\":0,\"created_at\":\"2017-08-14 07:29:24\",\"updated_at\":\"2017-08-14 07:29:24\"}})"]
[]
[2017-08-14 08:56:51] local.INFO: CheckCurrentUser middlware was used: profile.edit.  
Log Entry Details:
["[object] (App\\Models\\User: {\"id\":51,\"name\":\"Tolotra\",\"first_name\":\"RAZAFINDRABE\",\"last_name\":null,\"email\":\"tolotrarazafindrabe@gmail.com\",\"signup_ip_address\":\"::1\",\"signup_confirmation_ip_address\":\"::1\",\"signup_sm_ip_address\":null,\"admin_ip_address\":null,\"updated_ip_address\":null,\"deleted_ip_address\":null,\"created_at\":\"2017-08-14 07:21:02\",\"updated_at\":\"2017-08-14 07:29:24\",\"deleted_at\":null,\"profile\":{\"id\":16,\"user_id\":51,\"theme_id\":1,\"location\":null,\"bio\":null,\"twitter_username\":null,\"github_username\":null,\"avatar\":null,\"avatar_status\":0,\"created_at\":\"2017-08-14 07:29:24\",\"updated_at\":\"2017-08-14 07:29:24\"}})"]
[]
[2017-08-14 08:57:22] local.INFO: CheckCurrentUser middlware was used: profile.edit.  
Log Entry Details:
["[object] (App\\Models\\User: {\"id\":51,\"name\":\"Tolotra\",\"first_name\":\"RAZAFINDRABE\",\"last_name\":null,\"email\":\"tolotrarazafindrabe@gmail.com\",\"signup_ip_address\":\"::1\",\"signup_confirmation_ip_address\":\"::1\",\"signup_sm_ip_address\":null,\"admin_ip_address\":null,\"updated_ip_address\":null,\"deleted_ip_address\":null,\"created_at\":\"2017-08-14 07:21:02\",\"updated_at\":\"2017-08-14 07:29:24\",\"deleted_at\":null,\"profile\":{\"id\":16,\"user_id\":51,\"theme_id\":1,\"location\":null,\"bio\":null,\"twitter_username\":null,\"github_username\":null,\"avatar\":null,\"avatar_status\":0,\"created_at\":\"2017-08-14 07:29:24\",\"updated_at\":\"2017-08-14 07:29:24\"}})"]
[]
[2017-08-14 08:57:32] local.INFO: CheckCurrentUser middlware was used: profile.edit.  
Log Entry Details:
["[object] (App\\Models\\User: {\"id\":51,\"name\":\"Tolotra\",\"first_name\":\"RAZAFINDRABE\",\"last_name\":null,\"email\":\"tolotrarazafindrabe@gmail.com\",\"signup_ip_address\":\"::1\",\"signup_confirmation_ip_address\":\"::1\",\"signup_sm_ip_address\":null,\"admin_ip_address\":null,\"updated_ip_address\":null,\"deleted_ip_address\":null,\"created_at\":\"2017-08-14 07:21:02\",\"updated_at\":\"2017-08-14 07:29:24\",\"deleted_at\":null,\"profile\":{\"id\":16,\"user_id\":51,\"theme_id\":1,\"location\":null,\"bio\":null,\"twitter_username\":null,\"github_username\":null,\"avatar\":null,\"avatar_status\":0,\"created_at\":\"2017-08-14 07:29:24\",\"updated_at\":\"2017-08-14 07:29:24\"}})"]
[]
[2017-08-14 08:58:19] local.INFO: User Logged Out.  
Log Entry Details:
["[object] (App\\Models\\User: {\"id\":51,\"name\":\"Tolotra\",\"first_name\":\"RAZAFINDRABE\",\"last_name\":null,\"email\":\"tolotrarazafindrabe@gmail.com\",\"signup_ip_address\":\"::1\",\"signup_confirmation_ip_address\":\"::1\",\"signup_sm_ip_address\":null,\"admin_ip_address\":null,\"updated_ip_address\":null,\"deleted_ip_address\":null,\"created_at\":\"2017-08-14 07:21:02\",\"updated_at\":\"2017-08-14 07:29:24\",\"deleted_at\":null})"]
[]
[2017-08-14 08:58:31] local.INFO: CheckCurrentUser middlware was used: profile.edit.  
Log Entry Details:
["[object] (App\\Models\\User: {\"id\":52,\"name\":\"KoeraSamMikorana\",\"first_name\":\"Koera\",\"last_name\":\"Sam\",\"email\":\"missingvC8O42HAvG@test.com\",\"signup_ip_address\":null,\"signup_confirmation_ip_address\":null,\"signup_sm_ip_address\":\"::1\",\"admin_ip_address\":null,\"updated_ip_address\":null,\"deleted_ip_address\":null,\"created_at\":\"2017-08-14 08:02:51\",\"updated_at\":\"2017-08-14 08:02:51\",\"deleted_at\":null,\"profile\":{\"id\":17,\"user_id\":52,\"theme_id\":1,\"location\":null,\"bio\":null,\"twitter_username\":null,\"github_username\":null,\"avatar\":null,\"avatar_status\":0,\"created_at\":\"2017-08-14 08:02:51\",\"updated_at\":\"2017-08-14 08:02:51\"}})"]
[]
[2017-08-14 09:14:24] local.INFO: User Logged Out.  
Log Entry Details:
["[object] (App\\Models\\User: {\"id\":52,\"name\":\"KoeraSamMikorana\",\"first_name\":\"Koera\",\"last_name\":\"Sam\",\"email\":\"missingvC8O42HAvG@test.com\",\"signup_ip_address\":null,\"signup_confirmation_ip_address\":null,\"signup_sm_ip_address\":\"::1\",\"admin_ip_address\":null,\"updated_ip_address\":null,\"deleted_ip_address\":null,\"created_at\":\"2017-08-14 08:02:51\",\"updated_at\":\"2017-08-14 08:02:51\",\"deleted_at\":null})"]
[]
[2017-08-14 09:14:43] local.INFO: CheckCurrentUser middlware was used: profile.edit.  
Log Entry Details:
["[object] (App\\Models\\User: {\"id\":52,\"name\":\"KoeraSamMikorana\",\"first_name\":\"Koera\",\"last_name\":\"Sam\",\"email\":\"missingvC8O42HAvG@test.com\",\"signup_ip_address\":null,\"signup_confirmation_ip_address\":null,\"signup_sm_ip_address\":\"::1\",\"admin_ip_address\":null,\"updated_ip_address\":null,\"deleted_ip_address\":null,\"created_at\":\"2017-08-14 08:02:51\",\"updated_at\":\"2017-08-14 08:02:51\",\"deleted_at\":null,\"profile\":{\"id\":17,\"user_id\":52,\"theme_id\":1,\"location\":null,\"bio\":null,\"twitter_username\":null,\"github_username\":null,\"avatar\":null,\"avatar_status\":0,\"created_at\":\"2017-08-14 08:02:51\",\"updated_at\":\"2017-08-14 08:02:51\"}})"]
[]
[2017-08-14 09:23:01] local.INFO: CheckCurrentUser middlware was used: profile.edit.  
Log Entry Details:
["[object] (App\\Models\\User: {\"id\":52,\"name\":\"KoeraSamMikorana\",\"first_name\":\"Koera\",\"last_name\":\"Sam\",\"email\":\"missingvC8O42HAvG@test.com\",\"signup_ip_address\":null,\"signup_confirmation_ip_address\":null,\"signup_sm_ip_address\":\"::1\",\"admin_ip_address\":null,\"updated_ip_address\":null,\"deleted_ip_address\":null,\"created_at\":\"2017-08-14 08:02:51\",\"updated_at\":\"2017-08-14 08:02:51\",\"deleted_at\":null,\"profile\":{\"id\":17,\"user_id\":52,\"theme_id\":1,\"location\":null,\"bio\":null,\"twitter_username\":null,\"github_username\":null,\"avatar\":null,\"avatar_status\":0,\"created_at\":\"2017-08-14 08:02:51\",\"updated_at\":\"2017-08-14 08:02:51\"}})"]
[]
[2017-08-14 10:15:06] local.INFO: CheckCurrentUser middlware was used: profile.edit.  
Log Entry Details:
["[object] (App\\Models\\User: {\"id\":52,\"name\":\"KoeraSamMikorana\",\"first_name\":\"Koera\",\"last_name\":\"Sam\",\"email\":\"missingvC8O42HAvG@test.com\",\"signup_ip_address\":null,\"signup_confirmation_ip_address\":null,\"signup_sm_ip_address\":\"::1\",\"admin_ip_address\":null,\"updated_ip_address\":null,\"deleted_ip_address\":null,\"created_at\":\"2017-08-14 08:02:51\",\"updated_at\":\"2017-08-14 08:02:51\",\"deleted_at\":null})"]
[]
[2017-08-14 10:15:26] local.INFO: CheckCurrentUser middlware was used: profile.edit.  
Log Entry Details:
["[object] (App\\Models\\User: {\"id\":52,\"name\":\"KoeraSamMikorana\",\"first_name\":\"Koera\",\"last_name\":\"Sam\",\"email\":\"missingvC8O42HAvG@test.com\",\"signup_ip_address\":null,\"signup_confirmation_ip_address\":null,\"signup_sm_ip_address\":\"::1\",\"admin_ip_address\":null,\"updated_ip_address\":null,\"deleted_ip_address\":null,\"created_at\":\"2017-08-14 08:02:51\",\"updated_at\":\"2017-08-14 08:02:51\",\"deleted_at\":null,\"profile\":{\"id\":17,\"user_id\":52,\"theme_id\":1,\"location\":null,\"bio\":null,\"twitter_username\":null,\"github_username\":null,\"avatar\":null,\"avatar_status\":0,\"created_at\":\"2017-08-14 08:02:51\",\"updated_at\":\"2017-08-14 08:02:51\"}})"]
[]
[2017-08-14 10:20:22] local.INFO: CheckCurrentUser middlware was used: profile.edit.  
Log Entry Details:
["[object] (App\\Models\\User: {\"id\":52,\"name\":\"KoeraSamMikorana\",\"first_name\":\"Koera\",\"last_name\":\"Sam\",\"email\":\"missingvC8O42HAvG@test.com\",\"signup_ip_address\":null,\"signup_confirmation_ip_address\":null,\"signup_sm_ip_address\":\"::1\",\"admin_ip_address\":null,\"updated_ip_address\":null,\"deleted_ip_address\":null,\"created_at\":\"2017-08-14 08:02:51\",\"updated_at\":\"2017-08-14 08:02:51\",\"deleted_at\":null,\"profile\":{\"id\":17,\"user_id\":52,\"theme_id\":1,\"location\":null,\"bio\":null,\"twitter_username\":null,\"github_username\":null,\"avatar\":null,\"avatar_status\":0,\"created_at\":\"2017-08-14 08:02:51\",\"updated_at\":\"2017-08-14 08:02:51\"}})"]
[]
[2017-08-14 10:22:41] local.INFO: CheckCurrentUser middlware was used: profile.edit.  
Log Entry Details:
["[object] (App\\Models\\User: {\"id\":52,\"name\":\"KoeraSamMikorana\",\"first_name\":\"Koera\",\"last_name\":\"Sam\",\"email\":\"missingvC8O42HAvG@test.com\",\"signup_ip_address\":null,\"signup_confirmation_ip_address\":null,\"signup_sm_ip_address\":\"::1\",\"admin_ip_address\":null,\"updated_ip_address\":null,\"deleted_ip_address\":null,\"created_at\":\"2017-08-14 08:02:51\",\"updated_at\":\"2017-08-14 08:02:51\",\"deleted_at\":null,\"profile\":{\"id\":17,\"user_id\":52,\"theme_id\":1,\"location\":null,\"bio\":null,\"twitter_username\":null,\"github_username\":null,\"avatar\":null,\"avatar_status\":0,\"created_at\":\"2017-08-14 08:02:51\",\"updated_at\":\"2017-08-14 08:02:51\"}})"]
[]
[2017-08-14 10:27:21] local.INFO: CheckCurrentUser middlware was used: profile.edit.  
Log Entry Details:
["[object] (App\\Models\\User: {\"id\":52,\"name\":\"KoeraSamMikorana\",\"first_name\":\"Koera\",\"last_name\":\"Sam\",\"email\":\"missingvC8O42HAvG@test.com\",\"signup_ip_address\":null,\"signup_confirmation_ip_address\":null,\"signup_sm_ip_address\":\"::1\",\"admin_ip_address\":null,\"updated_ip_address\":null,\"deleted_ip_address\":null,\"created_at\":\"2017-08-14 08:02:51\",\"updated_at\":\"2017-08-14 08:02:51\",\"deleted_at\":null})"]
[]
[2017-08-14 10:28:09] local.INFO: CheckCurrentUser middlware was used: profile.edit.  
Log Entry Details:
["[object] (App\\Models\\User: {\"id\":52,\"name\":\"KoeraSamMikorana\",\"first_name\":\"Koera\",\"last_name\":\"Sam\",\"email\":\"missingvC8O42HAvG@test.com\",\"signup_ip_address\":null,\"signup_confirmation_ip_address\":null,\"signup_sm_ip_address\":\"::1\",\"admin_ip_address\":null,\"updated_ip_address\":null,\"deleted_ip_address\":null,\"created_at\":\"2017-08-14 08:02:51\",\"updated_at\":\"2017-08-14 08:02:51\",\"deleted_at\":null,\"profile\":{\"id\":17,\"user_id\":52,\"theme_id\":1,\"location\":null,\"bio\":null,\"twitter_username\":null,\"github_username\":null,\"avatar\":null,\"avatar_status\":0,\"created_at\":\"2017-08-14 08:02:51\",\"updated_at\":\"2017-08-14 08:02:51\"}})"]
[]
[2017-08-14 10:29:02] local.INFO: CheckCurrentUser middlware was used: profile.edit.  
Log Entry Details:
["[object] (App\\Models\\User: {\"id\":52,\"name\":\"KoeraSamMikorana\",\"first_name\":\"Koera\",\"last_name\":\"Sam\",\"email\":\"missingvC8O42HAvG@test.com\",\"signup_ip_address\":null,\"signup_confirmation_ip_address\":null,\"signup_sm_ip_address\":\"::1\",\"admin_ip_address\":null,\"updated_ip_address\":null,\"deleted_ip_address\":null,\"created_at\":\"2017-08-14 08:02:51\",\"updated_at\":\"2017-08-14 08:02:51\",\"deleted_at\":null,\"profile\":{\"id\":17,\"user_id\":52,\"theme_id\":1,\"location\":null,\"bio\":null,\"twitter_username\":null,\"github_username\":null,\"avatar\":null,\"avatar_status\":0,\"created_at\":\"2017-08-14 08:02:51\",\"updated_at\":\"2017-08-14 08:02:51\"}})"]
[]
[2017-08-14 10:29:58] local.INFO: CheckCurrentUser middlware was used: profile.edit.  
Log Entry Details:
["[object] (App\\Models\\User: {\"id\":52,\"name\":\"KoeraSamMikorana\",\"first_name\":\"Koera\",\"last_name\":\"Sam\",\"email\":\"missingvC8O42HAvG@test.com\",\"signup_ip_address\":null,\"signup_confirmation_ip_address\":null,\"signup_sm_ip_address\":\"::1\",\"admin_ip_address\":null,\"updated_ip_address\":null,\"deleted_ip_address\":null,\"created_at\":\"2017-08-14 08:02:51\",\"updated_at\":\"2017-08-14 08:02:51\",\"deleted_at\":null,\"profile\":{\"id\":17,\"user_id\":52,\"theme_id\":1,\"location\":null,\"bio\":null,\"twitter_username\":null,\"github_username\":null,\"avatar\":null,\"avatar_status\":0,\"created_at\":\"2017-08-14 08:02:51\",\"updated_at\":\"2017-08-14 08:02:51\"}})"]
[]
[2017-08-14 10:30:26] local.INFO: CheckCurrentUser middlware was used: profile.edit.  
Log Entry Details:
["[object] (App\\Models\\User: {\"id\":52,\"name\":\"KoeraSamMikorana\",\"first_name\":\"Koera\",\"last_name\":\"Sam\",\"email\":\"missingvC8O42HAvG@test.com\",\"signup_ip_address\":null,\"signup_confirmation_ip_address\":null,\"signup_sm_ip_address\":\"::1\",\"admin_ip_address\":null,\"updated_ip_address\":null,\"deleted_ip_address\":null,\"created_at\":\"2017-08-14 08:02:51\",\"updated_at\":\"2017-08-14 08:02:51\",\"deleted_at\":null,\"profile\":{\"id\":17,\"user_id\":52,\"theme_id\":1,\"location\":null,\"bio\":null,\"twitter_username\":null,\"github_username\":null,\"avatar\":null,\"avatar_status\":0,\"created_at\":\"2017-08-14 08:02:51\",\"updated_at\":\"2017-08-14 08:02:51\"}})"]
[]
[2017-08-14 10:32:07] local.INFO: CheckCurrentUser middlware was used: profile.edit.  
Log Entry Details:
["[object] (App\\Models\\User: {\"id\":52,\"name\":\"KoeraSamMikorana\",\"first_name\":\"Koera\",\"last_name\":\"Sam\",\"email\":\"missingvC8O42HAvG@test.com\",\"signup_ip_address\":null,\"signup_confirmation_ip_address\":null,\"signup_sm_ip_address\":\"::1\",\"admin_ip_address\":null,\"updated_ip_address\":null,\"deleted_ip_address\":null,\"created_at\":\"2017-08-14 08:02:51\",\"updated_at\":\"2017-08-14 08:02:51\",\"deleted_at\":null,\"profile\":{\"id\":17,\"user_id\":52,\"theme_id\":1,\"location\":null,\"bio\":null,\"twitter_username\":null,\"github_username\":null,\"avatar\":null,\"avatar_status\":0,\"created_at\":\"2017-08-14 08:02:51\",\"updated_at\":\"2017-08-14 08:02:51\"}})"]
[]
[2017-08-14 10:33:57] local.INFO: CheckCurrentUser middlware was used: profile.edit.  
Log Entry Details:
["[object] (App\\Models\\User: {\"id\":52,\"name\":\"KoeraSamMikorana\",\"first_name\":\"Koera\",\"last_name\":\"Sam\",\"email\":\"missingvC8O42HAvG@test.com\",\"signup_ip_address\":null,\"signup_confirmation_ip_address\":null,\"signup_sm_ip_address\":\"::1\",\"admin_ip_address\":null,\"updated_ip_address\":null,\"deleted_ip_address\":null,\"created_at\":\"2017-08-14 08:02:51\",\"updated_at\":\"2017-08-14 08:02:51\",\"deleted_at\":null,\"profile\":{\"id\":17,\"user_id\":52,\"theme_id\":1,\"location\":null,\"bio\":null,\"twitter_username\":null,\"github_username\":null,\"avatar\":null,\"avatar_status\":0,\"created_at\":\"2017-08-14 08:02:51\",\"updated_at\":\"2017-08-14 08:02:51\"}})"]
[]
[2017-08-14 10:36:15] local.INFO: CheckCurrentUser middlware was used: profile.edit.  
Log Entry Details:
["[object] (App\\Models\\User: {\"id\":52,\"name\":\"KoeraSamMikorana\",\"first_name\":\"Koera\",\"last_name\":\"Sam\",\"email\":\"missingvC8O42HAvG@test.com\",\"signup_ip_address\":null,\"signup_confirmation_ip_address\":null,\"signup_sm_ip_address\":\"::1\",\"admin_ip_address\":null,\"updated_ip_address\":null,\"deleted_ip_address\":null,\"created_at\":\"2017-08-14 08:02:51\",\"updated_at\":\"2017-08-14 08:02:51\",\"deleted_at\":null,\"profile\":{\"id\":17,\"user_id\":52,\"theme_id\":1,\"location\":null,\"bio\":null,\"twitter_username\":null,\"github_username\":null,\"avatar\":null,\"avatar_status\":0,\"created_at\":\"2017-08-14 08:02:51\",\"updated_at\":\"2017-08-14 08:02:51\"}})"]
[]
[2017-08-14 10:36:22] local.INFO: CheckCurrentUser middlware was used: {username}.  
Log Entry Details:
["[object] (App\\Models\\User: {\"id\":52,\"name\":\"KoeraSamMikorana\",\"first_name\":\"Koera\",\"last_name\":\"Sam\",\"email\":\"missingvC8O42HAvG@test.com\",\"signup_ip_address\":null,\"signup_confirmation_ip_address\":null,\"signup_sm_ip_address\":\"::1\",\"admin_ip_address\":null,\"updated_ip_address\":null,\"deleted_ip_address\":null,\"created_at\":\"2017-08-14 08:02:51\",\"updated_at\":\"2017-08-14 08:02:51\",\"deleted_at\":null})"]
[]
[2017-08-14 10:36:22] local.INFO: CheckCurrentUser middlware was used: profile.edit.  
Log Entry Details:
["[object] (App\\Models\\User: {\"id\":52,\"name\":\"Koera Sam Mikorana\",\"first_name\":\"Koera\",\"last_name\":null,\"email\":\"missingvC8O42HAvG@test.com\",\"signup_ip_address\":null,\"signup_confirmation_ip_address\":null,\"signup_sm_ip_address\":\"::1\",\"admin_ip_address\":null,\"updated_ip_address\":\"::1\",\"deleted_ip_address\":null,\"created_at\":\"2017-08-14 08:02:51\",\"updated_at\":\"2017-08-14 10:36:22\",\"deleted_at\":null,\"profile\":{\"id\":17,\"user_id\":52,\"theme_id\":1,\"location\":null,\"bio\":null,\"twitter_username\":null,\"github_username\":null,\"avatar\":null,\"avatar_status\":0,\"created_at\":\"2017-08-14 08:02:51\",\"updated_at\":\"2017-08-14 08:02:51\"}})"]
[]
[2017-08-14 10:37:17] local.INFO: User Logged Out.  
Log Entry Details:
["[object] (App\\Models\\User: {\"id\":52,\"name\":\"Koera Sam Mikorana\",\"first_name\":\"Koera\",\"last_name\":null,\"email\":\"missingvC8O42HAvG@test.com\",\"signup_ip_address\":null,\"signup_confirmation_ip_address\":null,\"signup_sm_ip_address\":\"::1\",\"admin_ip_address\":null,\"updated_ip_address\":\"::1\",\"deleted_ip_address\":null,\"created_at\":\"2017-08-14 08:02:51\",\"updated_at\":\"2017-08-14 10:36:22\",\"deleted_at\":null})"]
[]
[2017-08-14 10:37:37] local.INFO: CheckCurrentUser middlware was used: profile.edit.  
Log Entry Details:
["[object] (App\\Models\\User: {\"id\":52,\"name\":\"Koera Sam Mikorana\",\"first_name\":\"Koera\",\"last_name\":null,\"email\":\"missingvC8O42HAvG@test.com\",\"signup_ip_address\":null,\"signup_confirmation_ip_address\":null,\"signup_sm_ip_address\":\"::1\",\"admin_ip_address\":null,\"updated_ip_address\":\"::1\",\"deleted_ip_address\":null,\"created_at\":\"2017-08-14 08:02:51\",\"updated_at\":\"2017-08-14 10:36:22\",\"deleted_at\":null,\"profile\":{\"id\":17,\"user_id\":52,\"theme_id\":1,\"location\":null,\"bio\":null,\"twitter_username\":null,\"github_username\":null,\"avatar\":null,\"avatar_status\":0,\"created_at\":\"2017-08-14 08:02:51\",\"updated_at\":\"2017-08-14 08:02:51\"}})"]
[]
[2017-08-14 10:37:45] local.INFO: CheckCurrentUser middlware was used: {username}.  
Log Entry Details:
["[object] (App\\Models\\User: {\"id\":52,\"name\":\"Koera Sam Mikorana\",\"first_name\":\"Koera\",\"last_name\":null,\"email\":\"missingvC8O42HAvG@test.com\",\"signup_ip_address\":null,\"signup_confirmation_ip_address\":null,\"signup_sm_ip_address\":\"::1\",\"admin_ip_address\":null,\"updated_ip_address\":\"::1\",\"deleted_ip_address\":null,\"created_at\":\"2017-08-14 08:02:51\",\"updated_at\":\"2017-08-14 10:36:22\",\"deleted_at\":null})"]
[]
[2017-08-14 10:37:45] local.INFO: CheckCurrentUser middlware was used: profile.edit.  
Log Entry Details:
["[object] (App\\Models\\User: {\"id\":52,\"name\":\"Koera\",\"first_name\":\"Sam Mikorana\",\"last_name\":null,\"email\":\"missingvC8O42HAvG@test.com\",\"signup_ip_address\":null,\"signup_confirmation_ip_address\":null,\"signup_sm_ip_address\":\"::1\",\"admin_ip_address\":null,\"updated_ip_address\":\"::1\",\"deleted_ip_address\":null,\"created_at\":\"2017-08-14 08:02:51\",\"updated_at\":\"2017-08-14 10:37:45\",\"deleted_at\":null,\"profile\":{\"id\":17,\"user_id\":52,\"theme_id\":1,\"location\":null,\"bio\":null,\"twitter_username\":null,\"github_username\":null,\"avatar\":null,\"avatar_status\":0,\"created_at\":\"2017-08-14 08:02:51\",\"updated_at\":\"2017-08-14 08:02:51\"}})"]
[]
[2017-08-14 10:37:50] local.INFO: User Logged Out.  
Log Entry Details:
["[object] (App\\Models\\User: {\"id\":52,\"name\":\"Koera\",\"first_name\":\"Sam Mikorana\",\"last_name\":null,\"email\":\"missingvC8O42HAvG@test.com\",\"signup_ip_address\":null,\"signup_confirmation_ip_address\":null,\"signup_sm_ip_address\":\"::1\",\"admin_ip_address\":null,\"updated_ip_address\":\"::1\",\"deleted_ip_address\":null,\"created_at\":\"2017-08-14 08:02:51\",\"updated_at\":\"2017-08-14 10:37:45\",\"deleted_at\":null})"]
[]
[2017-08-14 10:37:59] local.INFO: CheckCurrentUser middlware was used: profile.edit.  
Log Entry Details:
["[object] (App\\Models\\User: {\"id\":51,\"name\":\"Tolotra\",\"first_name\":\"RAZAFINDRABE\",\"last_name\":null,\"email\":\"tolotrarazafindrabe@gmail.com\",\"signup_ip_address\":\"::1\",\"signup_confirmation_ip_address\":\"::1\",\"signup_sm_ip_address\":null,\"admin_ip_address\":null,\"updated_ip_address\":null,\"deleted_ip_address\":null,\"created_at\":\"2017-08-14 07:21:02\",\"updated_at\":\"2017-08-14 07:29:24\",\"deleted_at\":null,\"profile\":{\"id\":16,\"user_id\":51,\"theme_id\":1,\"location\":null,\"bio\":null,\"twitter_username\":null,\"github_username\":null,\"avatar\":null,\"avatar_status\":0,\"created_at\":\"2017-08-14 07:29:24\",\"updated_at\":\"2017-08-14 07:29:24\"}})"]
[]
[2017-08-14 10:38:09] local.INFO: CheckCurrentUser middlware was used: {username}.  
Log Entry Details:
["[object] (App\\Models\\User: {\"id\":51,\"name\":\"Tolotra\",\"first_name\":\"RAZAFINDRABE\",\"last_name\":null,\"email\":\"tolotrarazafindrabe@gmail.com\",\"signup_ip_address\":\"::1\",\"signup_confirmation_ip_address\":\"::1\",\"signup_sm_ip_address\":null,\"admin_ip_address\":null,\"updated_ip_address\":null,\"deleted_ip_address\":null,\"created_at\":\"2017-08-14 07:21:02\",\"updated_at\":\"2017-08-14 07:29:24\",\"deleted_at\":null})"]
[]
[2017-08-14 10:38:10] local.INFO: CheckCurrentUser middlware was used: profile.edit.  
Log Entry Details:
["[object] (App\\Models\\User: {\"id\":51,\"name\":\"Tolotra\",\"first_name\":\"RAZAFINDRABE\",\"last_name\":null,\"email\":\"tolotrarazafindrabe@gmail.com\",\"signup_ip_address\":\"::1\",\"signup_confirmation_ip_address\":\"::1\",\"signup_sm_ip_address\":null,\"admin_ip_address\":null,\"updated_ip_address\":\"::1\",\"deleted_ip_address\":null,\"created_at\":\"2017-08-14 07:21:02\",\"updated_at\":\"2017-08-14 10:38:09\",\"deleted_at\":null,\"profile\":{\"id\":16,\"user_id\":51,\"theme_id\":1,\"location\":null,\"bio\":null,\"twitter_username\":null,\"github_username\":null,\"avatar\":null,\"avatar_status\":0,\"created_at\":\"2017-08-14 07:29:24\",\"updated_at\":\"2017-08-14 07:29:24\"}})"]
[]
[2017-08-14 10:38:17] local.INFO: User Logged Out.  
Log Entry Details:
["[object] (App\\Models\\User: {\"id\":51,\"name\":\"Tolotra\",\"first_name\":\"RAZAFINDRABE\",\"last_name\":null,\"email\":\"tolotrarazafindrabe@gmail.com\",\"signup_ip_address\":\"::1\",\"signup_confirmation_ip_address\":\"::1\",\"signup_sm_ip_address\":null,\"admin_ip_address\":null,\"updated_ip_address\":\"::1\",\"deleted_ip_address\":null,\"created_at\":\"2017-08-14 07:21:02\",\"updated_at\":\"2017-08-14 10:38:09\",\"deleted_at\":null})"]
[]
[2017-08-14 10:40:07] local.INFO: User Logged Out.  
Log Entry Details:
["[object] (App\\Models\\User: {\"id\":51,\"name\":\"Tolotra\",\"first_name\":\"RAZAFINDRABE\",\"last_name\":null,\"email\":\"tolotrarazafindrabe@gmail.com\",\"signup_ip_address\":\"::1\",\"signup_confirmation_ip_address\":\"::1\",\"signup_sm_ip_address\":null,\"admin_ip_address\":null,\"updated_ip_address\":\"::1\",\"deleted_ip_address\":null,\"created_at\":\"2017-08-14 07:21:02\",\"updated_at\":\"2017-08-14 10:39:48\",\"deleted_at\":null})"]
[]
[2017-08-14 10:51:43] local.INFO: CheckCurrentUser middlware was used: profile.edit.  
Log Entry Details:
["[object] (App\\Models\\User: {\"id\":52,\"name\":\"Koera\",\"first_name\":\"Sam Mikorana\",\"last_name\":null,\"email\":\"missingvC8O42HAvG@test.com\",\"signup_ip_address\":null,\"signup_confirmation_ip_address\":null,\"signup_sm_ip_address\":\"::1\",\"admin_ip_address\":null,\"updated_ip_address\":\"::1\",\"deleted_ip_address\":null,\"created_at\":\"2017-08-14 08:02:51\",\"updated_at\":\"2017-08-14 10:37:45\",\"deleted_at\":null,\"profile\":{\"id\":17,\"user_id\":52,\"theme_id\":1,\"location\":null,\"bio\":null,\"twitter_username\":null,\"github_username\":null,\"avatar\":null,\"avatar_status\":0,\"created_at\":\"2017-08-14 08:02:51\",\"updated_at\":\"2017-08-14 08:02:51\"}})"]
[]
[2017-08-14 10:57:01] local.INFO: CheckCurrentUser middlware was used: profile.edit.  
Log Entry Details:
["[object] (App\\Models\\User: {\"id\":52,\"name\":\"Koera\",\"first_name\":\"Sam Mikorana\",\"last_name\":null,\"email\":\"missingvC8O42HAvG@test.com\",\"signup_ip_address\":null,\"signup_confirmation_ip_address\":null,\"signup_sm_ip_address\":\"::1\",\"admin_ip_address\":null,\"updated_ip_address\":\"::1\",\"deleted_ip_address\":null,\"created_at\":\"2017-08-14 08:02:51\",\"updated_at\":\"2017-08-14 10:37:45\",\"deleted_at\":null,\"profile\":{\"id\":17,\"user_id\":52,\"theme_id\":1,\"location\":null,\"bio\":null,\"twitter_username\":null,\"github_username\":null,\"avatar\":null,\"avatar_status\":0,\"created_at\":\"2017-08-14 08:02:51\",\"updated_at\":\"2017-08-14 08:02:51\"}})"]
[]
[2017-08-14 10:59:14] local.INFO: CheckCurrentUser middlware was used: profile.edit.  
Log Entry Details:
["[object] (App\\Models\\User: {\"id\":52,\"name\":\"Koera\",\"first_name\":\"Sam Mikorana\",\"last_name\":null,\"email\":\"missingvC8O42HAvG@test.com\",\"signup_ip_address\":null,\"signup_confirmation_ip_address\":null,\"signup_sm_ip_address\":\"::1\",\"admin_ip_address\":null,\"updated_ip_address\":\"::1\",\"deleted_ip_address\":null,\"created_at\":\"2017-08-14 08:02:51\",\"updated_at\":\"2017-08-14 10:37:45\",\"deleted_at\":null,\"profile\":{\"id\":17,\"user_id\":52,\"theme_id\":1,\"location\":null,\"bio\":null,\"twitter_username\":null,\"github_username\":null,\"avatar\":null,\"avatar_status\":0,\"created_at\":\"2017-08-14 08:02:51\",\"updated_at\":\"2017-08-14 08:02:51\"}})"]
[]
[2017-08-14 11:00:29] local.INFO: CheckCurrentUser middlware was used: profile.edit.  
Log Entry Details:
["[object] (App\\Models\\User: {\"id\":52,\"name\":\"Koera\",\"first_name\":\"Sam Mikorana\",\"last_name\":null,\"email\":\"missingvC8O42HAvG@test.com\",\"signup_ip_address\":null,\"signup_confirmation_ip_address\":null,\"signup_sm_ip_address\":\"::1\",\"admin_ip_address\":null,\"updated_ip_address\":\"::1\",\"deleted_ip_address\":null,\"created_at\":\"2017-08-14 08:02:51\",\"updated_at\":\"2017-08-14 10:37:45\",\"deleted_at\":null,\"profile\":{\"id\":17,\"user_id\":52,\"theme_id\":1,\"location\":null,\"bio\":null,\"twitter_username\":null,\"github_username\":null,\"avatar\":null,\"avatar_status\":0,\"created_at\":\"2017-08-14 08:02:51\",\"updated_at\":\"2017-08-14 08:02:51\"}})"]
[]
[2017-08-14 11:03:11] local.INFO: CheckCurrentUser middlware was used: profile.edit.  
Log Entry Details:
["[object] (App\\Models\\User: {\"id\":52,\"name\":\"Koera\",\"first_name\":\"Sam Mikorana\",\"last_name\":null,\"email\":\"missingvC8O42HAvG@test.com\",\"signup_ip_address\":null,\"signup_confirmation_ip_address\":null,\"signup_sm_ip_address\":\"::1\",\"admin_ip_address\":null,\"updated_ip_address\":\"::1\",\"deleted_ip_address\":null,\"created_at\":\"2017-08-14 08:02:51\",\"updated_at\":\"2017-08-14 10:37:45\",\"deleted_at\":null,\"profile\":{\"id\":17,\"user_id\":52,\"theme_id\":1,\"location\":null,\"bio\":null,\"twitter_username\":null,\"github_username\":null,\"avatar\":null,\"avatar_status\":0,\"created_at\":\"2017-08-14 08:02:51\",\"updated_at\":\"2017-08-14 08:02:51\"}})"]
[]
[2017-08-14 11:04:28] local.INFO: CheckCurrentUser middlware was used: profile.edit.  
Log Entry Details:
["[object] (App\\Models\\User: {\"id\":52,\"name\":\"Koera\",\"first_name\":\"Sam Mikorana\",\"last_name\":null,\"email\":\"missingvC8O42HAvG@test.com\",\"signup_ip_address\":null,\"signup_confirmation_ip_address\":null,\"signup_sm_ip_address\":\"::1\",\"admin_ip_address\":null,\"updated_ip_address\":\"::1\",\"deleted_ip_address\":null,\"created_at\":\"2017-08-14 08:02:51\",\"updated_at\":\"2017-08-14 10:37:45\",\"deleted_at\":null,\"profile\":{\"id\":17,\"user_id\":52,\"theme_id\":1,\"location\":null,\"bio\":null,\"twitter_username\":null,\"github_username\":null,\"avatar\":null,\"avatar_status\":0,\"created_at\":\"2017-08-14 08:02:51\",\"updated_at\":\"2017-08-14 08:02:51\"}})"]
[]
[2017-08-14 11:06:32] local.INFO: CheckCurrentUser middlware was used: profile.edit.  
Log Entry Details:
["[object] (App\\Models\\User: {\"id\":52,\"name\":\"Koera\",\"first_name\":\"Sam Mikorana\",\"last_name\":null,\"email\":\"missingvC8O42HAvG@test.com\",\"signup_ip_address\":null,\"signup_confirmation_ip_address\":null,\"signup_sm_ip_address\":\"::1\",\"admin_ip_address\":null,\"updated_ip_address\":\"::1\",\"deleted_ip_address\":null,\"created_at\":\"2017-08-14 08:02:51\",\"updated_at\":\"2017-08-14 10:37:45\",\"deleted_at\":null,\"profile\":{\"id\":17,\"user_id\":52,\"theme_id\":1,\"location\":null,\"bio\":null,\"twitter_username\":null,\"github_username\":null,\"avatar\":null,\"avatar_status\":0,\"created_at\":\"2017-08-14 08:02:51\",\"updated_at\":\"2017-08-14 08:02:51\"}})"]
[]
[2017-08-14 11:10:59] local.INFO: CheckCurrentUser middlware was used: profile.edit.  
Log Entry Details:
["[object] (App\\Models\\User: {\"id\":52,\"name\":\"Koera\",\"first_name\":\"Sam Mikorana\",\"last_name\":null,\"email\":\"missingvC8O42HAvG@test.com\",\"signup_ip_address\":null,\"signup_confirmation_ip_address\":null,\"signup_sm_ip_address\":\"::1\",\"admin_ip_address\":null,\"updated_ip_address\":\"::1\",\"deleted_ip_address\":null,\"created_at\":\"2017-08-14 08:02:51\",\"updated_at\":\"2017-08-14 10:37:45\",\"deleted_at\":null,\"profile\":{\"id\":17,\"user_id\":52,\"theme_id\":1,\"location\":null,\"bio\":null,\"twitter_username\":null,\"github_username\":null,\"avatar\":null,\"avatar_status\":0,\"created_at\":\"2017-08-14 08:02:51\",\"updated_at\":\"2017-08-14 08:02:51\"}})"]
[]
[2017-08-14 11:22:19] local.INFO: CheckCurrentUser middlware was used: profile.edit.  
Log Entry Details:
["[object] (App\\Models\\User: {\"id\":52,\"name\":\"Koera\",\"first_name\":\"Sam Mikorana\",\"last_name\":null,\"email\":\"missingvC8O42HAvG@test.com\",\"signup_ip_address\":null,\"signup_confirmation_ip_address\":null,\"signup_sm_ip_address\":\"::1\",\"admin_ip_address\":null,\"updated_ip_address\":\"::1\",\"deleted_ip_address\":null,\"created_at\":\"2017-08-14 08:02:51\",\"updated_at\":\"2017-08-14 10:37:45\",\"deleted_at\":null,\"profile\":{\"id\":17,\"user_id\":52,\"theme_id\":1,\"location\":null,\"bio\":null,\"twitter_username\":null,\"github_username\":null,\"avatar\":null,\"avatar_status\":0,\"created_at\":\"2017-08-14 08:02:51\",\"updated_at\":\"2017-08-14 08:02:51\"}})"]
[]
[2017-08-14 11:23:15] local.INFO: CheckCurrentUser middlware was used: profile.edit.  
Log Entry Details:
["[object] (App\\Models\\User: {\"id\":52,\"name\":\"Koera\",\"first_name\":\"Sam Mikorana\",\"last_name\":null,\"email\":\"missingvC8O42HAvG@test.com\",\"signup_ip_address\":null,\"signup_confirmation_ip_address\":null,\"signup_sm_ip_address\":\"::1\",\"admin_ip_address\":null,\"updated_ip_address\":\"::1\",\"deleted_ip_address\":null,\"created_at\":\"2017-08-14 08:02:51\",\"updated_at\":\"2017-08-14 10:37:45\",\"deleted_at\":null,\"profile\":{\"id\":17,\"user_id\":52,\"theme_id\":1,\"location\":null,\"bio\":null,\"twitter_username\":null,\"github_username\":null,\"avatar\":null,\"avatar_status\":0,\"created_at\":\"2017-08-14 08:02:51\",\"updated_at\":\"2017-08-14 08:02:51\"}})"]
[]
[2017-08-14 11:24:15] local.INFO: CheckCurrentUser middlware was used: profile.edit.  
Log Entry Details:
["[object] (App\\Models\\User: {\"id\":52,\"name\":\"Koera\",\"first_name\":\"Sam Mikorana\",\"last_name\":null,\"email\":\"missingvC8O42HAvG@test.com\",\"signup_ip_address\":null,\"signup_confirmation_ip_address\":null,\"signup_sm_ip_address\":\"::1\",\"admin_ip_address\":null,\"updated_ip_address\":\"::1\",\"deleted_ip_address\":null,\"created_at\":\"2017-08-14 08:02:51\",\"updated_at\":\"2017-08-14 10:37:45\",\"deleted_at\":null,\"profile\":{\"id\":17,\"user_id\":52,\"theme_id\":1,\"location\":null,\"bio\":null,\"twitter_username\":null,\"github_username\":null,\"avatar\":null,\"avatar_status\":0,\"created_at\":\"2017-08-14 08:02:51\",\"updated_at\":\"2017-08-14 08:02:51\"}})"]
[]
[2017-08-14 11:25:35] local.INFO: CheckCurrentUser middlware was used: profile.edit.  
Log Entry Details:
["[object] (App\\Models\\User: {\"id\":52,\"name\":\"Koera\",\"first_name\":\"Sam Mikorana\",\"last_name\":null,\"email\":\"missingvC8O42HAvG@test.com\",\"signup_ip_address\":null,\"signup_confirmation_ip_address\":null,\"signup_sm_ip_address\":\"::1\",\"admin_ip_address\":null,\"updated_ip_address\":\"::1\",\"deleted_ip_address\":null,\"created_at\":\"2017-08-14 08:02:51\",\"updated_at\":\"2017-08-14 10:37:45\",\"deleted_at\":null,\"profile\":{\"id\":17,\"user_id\":52,\"theme_id\":1,\"location\":null,\"bio\":null,\"twitter_username\":null,\"github_username\":null,\"avatar\":null,\"avatar_status\":0,\"created_at\":\"2017-08-14 08:02:51\",\"updated_at\":\"2017-08-14 08:02:51\"}})"]
[]
[2017-08-14 11:26:37] local.INFO: CheckCurrentUser middlware was used: profile.edit.  
Log Entry Details:
["[object] (App\\Models\\User: {\"id\":52,\"name\":\"Koera\",\"first_name\":\"Sam Mikorana\",\"last_name\":null,\"email\":\"missingvC8O42HAvG@test.com\",\"signup_ip_address\":null,\"signup_confirmation_ip_address\":null,\"signup_sm_ip_address\":\"::1\",\"admin_ip_address\":null,\"updated_ip_address\":\"::1\",\"deleted_ip_address\":null,\"created_at\":\"2017-08-14 08:02:51\",\"updated_at\":\"2017-08-14 10:37:45\",\"deleted_at\":null,\"profile\":{\"id\":17,\"user_id\":52,\"theme_id\":1,\"location\":null,\"bio\":null,\"twitter_username\":null,\"github_username\":null,\"avatar\":null,\"avatar_status\":0,\"created_at\":\"2017-08-14 08:02:51\",\"updated_at\":\"2017-08-14 08:02:51\"}})"]
[]
[2017-08-14 11:26:45] local.INFO: CheckCurrentUser middlware was used: {username}.  
Log Entry Details:
["[object] (App\\Models\\User: {\"id\":52,\"name\":\"Koera\",\"first_name\":\"Sam Mikorana\",\"last_name\":null,\"email\":\"missingvC8O42HAvG@test.com\",\"signup_ip_address\":null,\"signup_confirmation_ip_address\":null,\"signup_sm_ip_address\":\"::1\",\"admin_ip_address\":null,\"updated_ip_address\":\"::1\",\"deleted_ip_address\":null,\"created_at\":\"2017-08-14 08:02:51\",\"updated_at\":\"2017-08-14 10:37:45\",\"deleted_at\":null})"]
[]
[2017-08-14 11:26:45] local.INFO: CheckCurrentUser middlware was used: profile.edit.  
Log Entry Details:
["[object] (App\\Models\\User: {\"id\":52,\"name\":\"Koera 2\",\"first_name\":\"Sam Mikorana\",\"last_name\":null,\"email\":\"missingvC8O42HAvG@test.com\",\"signup_ip_address\":null,\"signup_confirmation_ip_address\":null,\"signup_sm_ip_address\":\"::1\",\"admin_ip_address\":null,\"updated_ip_address\":\"::1\",\"deleted_ip_address\":null,\"created_at\":\"2017-08-14 08:02:51\",\"updated_at\":\"2017-08-14 11:26:45\",\"deleted_at\":null,\"profile\":{\"id\":17,\"user_id\":52,\"theme_id\":1,\"location\":null,\"bio\":null,\"twitter_username\":null,\"github_username\":null,\"avatar\":null,\"avatar_status\":0,\"created_at\":\"2017-08-14 08:02:51\",\"updated_at\":\"2017-08-14 08:02:51\"}})"]
[]
[2017-08-14 11:26:55] local.INFO: CheckCurrentUser middlware was used: {username}.  
Log Entry Details:
["[object] (App\\Models\\User: {\"id\":52,\"name\":\"Koera 2\",\"first_name\":\"Sam Mikorana\",\"last_name\":null,\"email\":\"missingvC8O42HAvG@test.com\",\"signup_ip_address\":null,\"signup_confirmation_ip_address\":null,\"signup_sm_ip_address\":\"::1\",\"admin_ip_address\":null,\"updated_ip_address\":\"::1\",\"deleted_ip_address\":null,\"created_at\":\"2017-08-14 08:02:51\",\"updated_at\":\"2017-08-14 11:26:45\",\"deleted_at\":null})"]
[]
[2017-08-14 11:26:55] local.INFO: CheckCurrentUser middlware was used: profile.edit.  
Log Entry Details:
["[object] (App\\Models\\User: {\"id\":52,\"name\":\"Koera\",\"first_name\":\"Sam Mikorana\",\"last_name\":null,\"email\":\"missingvC8O42HAvG@test.com\",\"signup_ip_address\":null,\"signup_confirmation_ip_address\":null,\"signup_sm_ip_address\":\"::1\",\"admin_ip_address\":null,\"updated_ip_address\":\"::1\",\"deleted_ip_address\":null,\"created_at\":\"2017-08-14 08:02:51\",\"updated_at\":\"2017-08-14 11:26:55\",\"deleted_at\":null,\"profile\":{\"id\":17,\"user_id\":52,\"theme_id\":1,\"location\":null,\"bio\":null,\"twitter_username\":null,\"github_username\":null,\"avatar\":null,\"avatar_status\":0,\"created_at\":\"2017-08-14 08:02:51\",\"updated_at\":\"2017-08-14 08:02:51\"}})"]
[]
[2017-08-14 11:27:02] local.INFO: CheckCurrentUser middlware was used: {username}.  
Log Entry Details:
["[object] (App\\Models\\User: {\"id\":52,\"name\":\"Koera\",\"first_name\":\"Sam Mikorana\",\"last_name\":null,\"email\":\"missingvC8O42HAvG@test.com\",\"signup_ip_address\":null,\"signup_confirmation_ip_address\":null,\"signup_sm_ip_address\":\"::1\",\"admin_ip_address\":null,\"updated_ip_address\":\"::1\",\"deleted_ip_address\":null,\"created_at\":\"2017-08-14 08:02:51\",\"updated_at\":\"2017-08-14 11:26:55\",\"deleted_at\":null})"]
[]
[2017-08-14 11:27:03] local.INFO: CheckCurrentUser middlware was used: profile.edit.  
Log Entry Details:
["[object] (App\\Models\\User: {\"id\":52,\"name\":\"Koera\",\"first_name\":\"Sam Mikorana\",\"last_name\":null,\"email\":\"missingvC8O42HAvG@test.com\",\"signup_ip_address\":null,\"signup_confirmation_ip_address\":null,\"signup_sm_ip_address\":\"::1\",\"admin_ip_address\":null,\"updated_ip_address\":\"::1\",\"deleted_ip_address\":null,\"created_at\":\"2017-08-14 08:02:51\",\"updated_at\":\"2017-08-14 11:27:02\",\"deleted_at\":null,\"profile\":{\"id\":17,\"user_id\":52,\"theme_id\":1,\"location\":null,\"bio\":null,\"twitter_username\":null,\"github_username\":null,\"avatar\":null,\"avatar_status\":0,\"created_at\":\"2017-08-14 08:02:51\",\"updated_at\":\"2017-08-14 08:02:51\"}})"]
[]
[2017-08-14 11:27:13] local.INFO: User Logged Out.  
Log Entry Details:
["[object] (App\\Models\\User: {\"id\":52,\"name\":\"Koera\",\"first_name\":\"Sam Mikorana\",\"last_name\":null,\"email\":\"missingvC8O42HAvG@test.com\",\"signup_ip_address\":null,\"signup_confirmation_ip_address\":null,\"signup_sm_ip_address\":\"::1\",\"admin_ip_address\":null,\"updated_ip_address\":\"::1\",\"deleted_ip_address\":null,\"created_at\":\"2017-08-14 08:02:51\",\"updated_at\":\"2017-08-14 11:27:02\",\"deleted_at\":null})"]
[]
[2017-08-14 11:27:31] local.INFO: CheckCurrentUser middlware was used: profile.edit.  
Log Entry Details:
["[object] (App\\Models\\User: {\"id\":51,\"name\":\"Tolotra\",\"first_name\":\"RAZAFINDRABE\",\"last_name\":null,\"email\":\"tolotrarazafindrabe@gmail.com\",\"signup_ip_address\":\"::1\",\"signup_confirmation_ip_address\":\"::1\",\"signup_sm_ip_address\":null,\"admin_ip_address\":null,\"updated_ip_address\":\"::1\",\"deleted_ip_address\":null,\"created_at\":\"2017-08-14 07:21:02\",\"updated_at\":\"2017-08-14 10:39:48\",\"deleted_at\":null,\"profile\":{\"id\":16,\"user_id\":51,\"theme_id\":1,\"location\":null,\"bio\":null,\"twitter_username\":null,\"github_username\":null,\"avatar\":null,\"avatar_status\":0,\"created_at\":\"2017-08-14 07:29:24\",\"updated_at\":\"2017-08-14 07:29:24\"}})"]
[]
[2017-08-14 11:34:13] local.INFO: CheckCurrentUser middlware was used: profile.edit.  
Log Entry Details:
["[object] (App\\Models\\User: {\"id\":51,\"name\":\"Tolotra\",\"first_name\":\"RAZAFINDRABE\",\"last_name\":null,\"email\":\"tolotrarazafindrabe@gmail.com\",\"signup_ip_address\":\"::1\",\"signup_confirmation_ip_address\":\"::1\",\"signup_sm_ip_address\":null,\"admin_ip_address\":null,\"updated_ip_address\":\"::1\",\"deleted_ip_address\":null,\"created_at\":\"2017-08-14 07:21:02\",\"updated_at\":\"2017-08-14 10:39:48\",\"deleted_at\":null,\"profile\":{\"id\":16,\"user_id\":51,\"theme_id\":1,\"location\":null,\"bio\":null,\"twitter_username\":null,\"github_username\":null,\"avatar\":null,\"avatar_status\":0,\"created_at\":\"2017-08-14 07:29:24\",\"updated_at\":\"2017-08-14 07:29:24\"}})"]
[]
[2017-08-14 11:36:14] local.INFO: CheckCurrentUser middlware was used: profile.edit.  
Log Entry Details:
["[object] (App\\Models\\User: {\"id\":51,\"name\":\"Tolotra\",\"first_name\":\"RAZAFINDRABE\",\"last_name\":null,\"email\":\"tolotrarazafindrabe@gmail.com\",\"signup_ip_address\":\"::1\",\"signup_confirmation_ip_address\":\"::1\",\"signup_sm_ip_address\":null,\"admin_ip_address\":null,\"updated_ip_address\":\"::1\",\"deleted_ip_address\":null,\"created_at\":\"2017-08-14 07:21:02\",\"updated_at\":\"2017-08-14 10:39:48\",\"deleted_at\":null,\"profile\":{\"id\":16,\"user_id\":51,\"theme_id\":1,\"location\":null,\"bio\":null,\"twitter_username\":null,\"github_username\":null,\"avatar\":null,\"avatar_status\":0,\"created_at\":\"2017-08-14 07:29:24\",\"updated_at\":\"2017-08-14 07:29:24\"}})"]
[]
[2017-08-14 11:37:25] local.INFO: CheckCurrentUser middlware was used: profile.edit.  
Log Entry Details:
["[object] (App\\Models\\User: {\"id\":51,\"name\":\"Tolotra\",\"first_name\":\"RAZAFINDRABE\",\"last_name\":null,\"email\":\"tolotrarazafindrabe@gmail.com\",\"signup_ip_address\":\"::1\",\"signup_confirmation_ip_address\":\"::1\",\"signup_sm_ip_address\":null,\"admin_ip_address\":null,\"updated_ip_address\":\"::1\",\"deleted_ip_address\":null,\"created_at\":\"2017-08-14 07:21:02\",\"updated_at\":\"2017-08-14 10:39:48\",\"deleted_at\":null,\"profile\":{\"id\":16,\"user_id\":51,\"theme_id\":1,\"location\":null,\"bio\":null,\"twitter_username\":null,\"github_username\":null,\"avatar\":null,\"avatar_status\":0,\"created_at\":\"2017-08-14 07:29:24\",\"updated_at\":\"2017-08-14 07:29:24\"}})"]
[]
[2017-08-14 11:45:04] local.INFO: CheckCurrentUser middlware was used: profile.edit.  
Log Entry Details:
["[object] (App\\Models\\User: {\"id\":51,\"name\":\"Tolotra\",\"first_name\":\"RAZAFINDRABE\",\"last_name\":null,\"email\":\"tolotrarazafindrabe@gmail.com\",\"signup_ip_address\":\"::1\",\"signup_confirmation_ip_address\":\"::1\",\"signup_sm_ip_address\":null,\"admin_ip_address\":null,\"updated_ip_address\":\"::1\",\"deleted_ip_address\":null,\"created_at\":\"2017-08-14 07:21:02\",\"updated_at\":\"2017-08-14 10:39:48\",\"deleted_at\":null,\"profile\":{\"id\":16,\"user_id\":51,\"theme_id\":1,\"location\":null,\"bio\":null,\"twitter_username\":null,\"github_username\":null,\"avatar\":null,\"avatar_status\":0,\"created_at\":\"2017-08-14 07:29:24\",\"updated_at\":\"2017-08-14 07:29:24\"}})"]
[]
[2017-08-14 11:49:48] local.INFO: CheckCurrentUser middlware was used: profile.edit.  
Log Entry Details:
["[object] (App\\Models\\User: {\"id\":51,\"name\":\"Tolotra\",\"first_name\":\"RAZAFINDRABE\",\"last_name\":null,\"email\":\"tolotrarazafindrabe@gmail.com\",\"signup_ip_address\":\"::1\",\"signup_confirmation_ip_address\":\"::1\",\"signup_sm_ip_address\":null,\"admin_ip_address\":null,\"updated_ip_address\":\"::1\",\"deleted_ip_address\":null,\"created_at\":\"2017-08-14 07:21:02\",\"updated_at\":\"2017-08-14 10:39:48\",\"deleted_at\":null,\"profile\":{\"id\":16,\"user_id\":51,\"theme_id\":1,\"location\":null,\"bio\":null,\"twitter_username\":null,\"github_username\":null,\"avatar\":null,\"avatar_status\":0,\"created_at\":\"2017-08-14 07:29:24\",\"updated_at\":\"2017-08-14 07:29:24\"}})"]
[]
[2017-08-14 12:02:30] local.INFO: CheckCurrentUser middlware was used: profile.edit.  
Log Entry Details:
["[object] (App\\Models\\User: {\"id\":51,\"name\":\"Tolotra\",\"first_name\":\"RAZAFINDRABE\",\"last_name\":null,\"email\":\"tolotrarazafindrabe@gmail.com\",\"signup_ip_address\":\"::1\",\"signup_confirmation_ip_address\":\"::1\",\"signup_sm_ip_address\":null,\"admin_ip_address\":null,\"updated_ip_address\":\"::1\",\"deleted_ip_address\":null,\"created_at\":\"2017-08-14 07:21:02\",\"updated_at\":\"2017-08-14 10:39:48\",\"deleted_at\":null,\"profile\":{\"id\":16,\"user_id\":51,\"theme_id\":1,\"location\":null,\"bio\":null,\"twitter_username\":null,\"github_username\":null,\"avatar\":null,\"avatar_status\":0,\"created_at\":\"2017-08-14 07:29:24\",\"updated_at\":\"2017-08-14 07:29:24\"}})"]
[]
[2017-08-14 12:04:06] local.INFO: CheckCurrentUser middlware was used: profile.edit.  
Log Entry Details:
["[object] (App\\Models\\User: {\"id\":51,\"name\":\"Tolotra\",\"first_name\":\"RAZAFINDRABE\",\"last_name\":null,\"email\":\"tolotrarazafindrabe@gmail.com\",\"signup_ip_address\":\"::1\",\"signup_confirmation_ip_address\":\"::1\",\"signup_sm_ip_address\":null,\"admin_ip_address\":null,\"updated_ip_address\":\"::1\",\"deleted_ip_address\":null,\"created_at\":\"2017-08-14 07:21:02\",\"updated_at\":\"2017-08-14 10:39:48\",\"deleted_at\":null,\"profile\":{\"id\":16,\"user_id\":51,\"theme_id\":1,\"location\":null,\"bio\":null,\"twitter_username\":null,\"github_username\":null,\"avatar\":null,\"avatar_status\":0,\"created_at\":\"2017-08-14 07:29:24\",\"updated_at\":\"2017-08-14 07:29:24\"}})"]
[]
[2017-08-14 12:04:43] local.INFO: CheckCurrentUser middlware was used: profile.edit.  
Log Entry Details:
["[object] (App\\Models\\User: {\"id\":51,\"name\":\"Tolotra\",\"first_name\":\"RAZAFINDRABE\",\"last_name\":null,\"email\":\"tolotrarazafindrabe@gmail.com\",\"signup_ip_address\":\"::1\",\"signup_confirmation_ip_address\":\"::1\",\"signup_sm_ip_address\":null,\"admin_ip_address\":null,\"updated_ip_address\":\"::1\",\"deleted_ip_address\":null,\"created_at\":\"2017-08-14 07:21:02\",\"updated_at\":\"2017-08-14 10:39:48\",\"deleted_at\":null,\"profile\":{\"id\":16,\"user_id\":51,\"theme_id\":1,\"location\":null,\"bio\":null,\"twitter_username\":null,\"github_username\":null,\"avatar\":null,\"avatar_status\":0,\"created_at\":\"2017-08-14 07:29:24\",\"updated_at\":\"2017-08-14 07:29:24\"}})"]
[]
[2017-08-14 12:09:51] local.INFO: CheckCurrentUser middlware was used: profile.edit.  
Log Entry Details:
["[object] (App\\Models\\User: {\"id\":51,\"name\":\"Tolotra\",\"first_name\":\"RAZAFINDRABE\",\"last_name\":null,\"email\":\"tolotrarazafindrabe@gmail.com\",\"signup_ip_address\":\"::1\",\"signup_confirmation_ip_address\":\"::1\",\"signup_sm_ip_address\":null,\"admin_ip_address\":null,\"updated_ip_address\":\"::1\",\"deleted_ip_address\":null,\"created_at\":\"2017-08-14 07:21:02\",\"updated_at\":\"2017-08-14 10:39:48\",\"deleted_at\":null,\"profile\":{\"id\":16,\"user_id\":51,\"theme_id\":1,\"location\":null,\"bio\":null,\"twitter_username\":null,\"github_username\":null,\"avatar\":null,\"avatar_status\":0,\"created_at\":\"2017-08-14 07:29:24\",\"updated_at\":\"2017-08-14 07:29:24\"}})"]
[]
[2017-08-14 12:10:14] local.INFO: CheckCurrentUser middlware was used: {username}.  
Log Entry Details:
["[object] (App\\Models\\User: {\"id\":51,\"name\":\"Tolotra\",\"first_name\":\"RAZAFINDRABE\",\"last_name\":null,\"email\":\"tolotrarazafindrabe@gmail.com\",\"signup_ip_address\":\"::1\",\"signup_confirmation_ip_address\":\"::1\",\"signup_sm_ip_address\":null,\"admin_ip_address\":null,\"updated_ip_address\":\"::1\",\"deleted_ip_address\":null,\"created_at\":\"2017-08-14 07:21:02\",\"updated_at\":\"2017-08-14 10:39:48\",\"deleted_at\":null})"]
[]
[2017-08-14 12:10:14] local.INFO: CheckCurrentUser middlware was used: profile.edit.  
Log Entry Details:
["[object] (App\\Models\\User: {\"id\":51,\"name\":\"Tolotra\",\"first_name\":\"RAZAFINDRABE\",\"last_name\":null,\"email\":\"tolotrarazafindrabe@gmail.com\",\"signup_ip_address\":\"::1\",\"signup_confirmation_ip_address\":\"::1\",\"signup_sm_ip_address\":null,\"admin_ip_address\":null,\"updated_ip_address\":\"::1\",\"deleted_ip_address\":null,\"created_at\":\"2017-08-14 07:21:02\",\"updated_at\":\"2017-08-14 12:10:14\",\"deleted_at\":null,\"profile\":{\"id\":16,\"user_id\":51,\"theme_id\":1,\"location\":null,\"bio\":null,\"twitter_username\":null,\"github_username\":null,\"avatar\":null,\"avatar_status\":0,\"created_at\":\"2017-08-14 07:29:24\",\"updated_at\":\"2017-08-14 07:29:24\"}})"]
[]
[2017-08-14 12:15:24] local.INFO: CheckCurrentUser middlware was used: profile.edit.  
Log Entry Details:
["[object] (App\\Models\\User: {\"id\":51,\"name\":\"Tolotra\",\"first_name\":\"RAZAFINDRABE\",\"last_name\":null,\"email\":\"tolotrarazafindrabe@gmail.com\",\"signup_ip_address\":\"::1\",\"signup_confirmation_ip_address\":\"::1\",\"signup_sm_ip_address\":null,\"admin_ip_address\":null,\"updated_ip_address\":\"::1\",\"deleted_ip_address\":null,\"created_at\":\"2017-08-14 07:21:02\",\"updated_at\":\"2017-08-14 12:10:14\",\"deleted_at\":null,\"profile\":{\"id\":16,\"user_id\":51,\"theme_id\":1,\"location\":null,\"bio\":null,\"twitter_username\":null,\"github_username\":null,\"avatar\":null,\"avatar_status\":0,\"created_at\":\"2017-08-14 07:29:24\",\"updated_at\":\"2017-08-14 07:29:24\"}})"]
[]
[2017-08-14 12:19:40] local.INFO: CheckCurrentUser middlware was used: profile.edit.  
Log Entry Details:
["[object] (App\\Models\\User: {\"id\":51,\"name\":\"Tolotra\",\"first_name\":\"RAZAFINDRABE\",\"last_name\":null,\"email\":\"tolotrarazafindrabe@gmail.com\",\"signup_ip_address\":\"::1\",\"signup_confirmation_ip_address\":\"::1\",\"signup_sm_ip_address\":null,\"admin_ip_address\":null,\"updated_ip_address\":\"::1\",\"deleted_ip_address\":null,\"created_at\":\"2017-08-14 07:21:02\",\"updated_at\":\"2017-08-14 12:10:14\",\"deleted_at\":null,\"profile\":{\"id\":16,\"user_id\":51,\"theme_id\":1,\"location\":null,\"bio\":null,\"twitter_username\":null,\"github_username\":null,\"avatar\":null,\"avatar_status\":0,\"created_at\":\"2017-08-14 07:29:24\",\"updated_at\":\"2017-08-14 07:29:24\"}})"]
[]
[2017-08-14 12:20:42] local.INFO: CheckCurrentUser middlware was used: profile.edit.  
Log Entry Details:
["[object] (App\\Models\\User: {\"id\":51,\"name\":\"Tolotra\",\"first_name\":\"RAZAFINDRABE\",\"last_name\":null,\"email\":\"tolotrarazafindrabe@gmail.com\",\"signup_ip_address\":\"::1\",\"signup_confirmation_ip_address\":\"::1\",\"signup_sm_ip_address\":null,\"admin_ip_address\":null,\"updated_ip_address\":\"::1\",\"deleted_ip_address\":null,\"created_at\":\"2017-08-14 07:21:02\",\"updated_at\":\"2017-08-14 12:10:14\",\"deleted_at\":null,\"profile\":{\"id\":16,\"user_id\":51,\"theme_id\":1,\"location\":null,\"bio\":null,\"twitter_username\":null,\"github_username\":null,\"avatar\":null,\"avatar_status\":0,\"created_at\":\"2017-08-14 07:29:24\",\"updated_at\":\"2017-08-14 07:29:24\"}})"]
[]
[2017-08-14 12:20:45] local.INFO: CheckCurrentUser middlware was used: profile.edit.  
Log Entry Details:
["[object] (App\\Models\\User: {\"id\":51,\"name\":\"Tolotra\",\"first_name\":\"RAZAFINDRABE\",\"last_name\":null,\"email\":\"tolotrarazafindrabe@gmail.com\",\"signup_ip_address\":\"::1\",\"signup_confirmation_ip_address\":\"::1\",\"signup_sm_ip_address\":null,\"admin_ip_address\":null,\"updated_ip_address\":\"::1\",\"deleted_ip_address\":null,\"created_at\":\"2017-08-14 07:21:02\",\"updated_at\":\"2017-08-14 12:10:14\",\"deleted_at\":null,\"profile\":{\"id\":16,\"user_id\":51,\"theme_id\":1,\"location\":null,\"bio\":null,\"twitter_username\":null,\"github_username\":null,\"avatar\":null,\"avatar_status\":0,\"created_at\":\"2017-08-14 07:29:24\",\"updated_at\":\"2017-08-14 07:29:24\"}})"]
[]
